INFO:root:EVO_CONFIG:
INFO:root:{'POPULATION_SIZE': 99, 'DROP_RATIO': 0.666666666, 'MUTATION_RATE': 0.1, 'NO_OF_MAPS': 1, 'NO_OF_ITERATIONS': 80, 'POOL_SIZE': 8}
INFO:root:[[1], [1, 1, 1, 1, 1, 1, 1, 1], [1, 1, 1, 1, 1, 1, 1, 1, 1, 1, 1, 1, 1, 1, 1, 1], [1, 1, 1, 1, 1, 1, 1, 1, 1, 1, 1, 1, 1, 1, 1, 1, 1, 1, 1, 1, 1, 1, 1, 1], [1, 1, 1, 1, 1, 1, 1, 1, 1, 1, 1, 1, 1, 1, 1, 1, 1, 1, 1, 1, 1, 1, 1, 1, 1, 1, 1, 1, 1, 1, 1, 1]]
INFO:root:Condi_evo: initiating_population
INFO:root:Condi_evo: calculating population:
INFO:root:[[['>', 0.2255268554730403], ['<=', 0.2916651586344524], ['<', 0.5243941030200833], ['>=', 0.49497519186264005], ['>=', 0.7183424352037796]], [['>', 0.3732180038202212], ['<', 0.6252117319640937], ['<', 0.5670493812559196], ['>=', 0.5619465865909853], ['<', 0.8002695165982981]], [['<', 0.9807594038730283], ['<', 0.47368160147278016], ['<', 0.19712989341126197], ['<', 0.4293821352174819], ['>=', 0.09789183457367101]], [['<', 0.8996166979629089], ['>=', 0.6278291448309214], ['<', 0.39470191637574337], ['>=', 0.49875318549283876], ['>=', 0.35574078807700427]], [['<=', 0.27906334856891013], ['>', 0.6981518131003681], ['<', 0.635880660499416], ['>', 0.8739384546585588], ['>=', 0.2537893820455561]], [['>=', 0.8827355739075752], ['<', 0.7535537841393081], ['<', 0.0756649445028924], ['<', 0.04778696923405712], ['>', 0.36118968897456105]], [['>=', 0.18502354177171887], ['<=', 0.6628906551851245], ['>', 0.8107816371045728], ['<=', 0.7716193015222412], ['>=', 0.23392362050892757]], [['<=', 0.9915038805472629], ['<=', 0.1081382656407398], ['>=', 0.13054767283723778], ['<', 0.6747398460188482], ['>=', 0.1788008072068591]], [['<', 0.45550193062374233], ['<=', 0.4536049374206963], ['>', 0.44333287897672635], ['>', 0.581043322250372], ['>=', 0.9014604079396396]], [['>=', 0.9586774821946887], ['<=', 0.2095012788235867], ['>', 0.39441881273530455], ['<=', 0.4637603027762801], ['>=', 0.19135293854714985]], [['<', 0.16213329383027708], ['<', 0.4682727587227169], ['<=', 0.6931454374871622], ['<', 0.5516740897532528], ['<', 0.9709007552891775]], [['>=', 0.03438409622917471], ['>', 0.15153212835483987], ['>=', 0.8479427937828975], ['<=', 0.4897902223871121], ['>=', 0.9756137637868807]], [['>', 0.7700506791058219], ['<', 0.326727372334886], ['>', 0.9300654387633978], ['>=', 0.12581487507248834], ['<', 0.6391932881108191]], [['>=', 0.37575820334674037], ['>', 0.012143110108579824], ['>', 0.3093609153980311], ['<', 0.6146505832832464], ['<', 0.07852250761254809]], [['<', 0.40556625565215687], ['>=', 0.458049809171457], ['>', 0.023916898340523907], ['<=', 0.4967346617340038], ['<=', 0.4826879588440457]], [['<=', 0.7233417063999135], ['<', 0.8496789853639729], ['<', 0.21073447674060553], ['>=', 0.6363033480863255], ['>=', 0.698497898402248]], [['<=', 0.6721611992482437], ['>', 0.5198159532604157], ['<=', 0.24949285877245542], ['<=', 0.42608032510899974], ['>', 0.10916469443917942]], [['>=', 0.0028374591947297745], ['>=', 0.3049947867302686], ['<', 0.6283644956681078], ['<', 0.9081738329172582], ['<=', 0.565490239875727]], [['<', 0.6076092493454955], ['>', 0.40942052655223526], ['<', 0.9289130131442126], ['<', 0.16098224053693022], ['<=', 0.996278596583306]], [['>', 0.3818465850415774], ['>=', 0.5611026563315459], ['<=', 0.8341698418357275], ['<', 0.885006315493686], ['<', 0.5944605451774343]], [['<=', 0.7144111071403044], ['>', 0.6113673790156099], ['<=', 0.2835829718653806], ['<', 0.21160161560435065], ['>', 0.3530231967778553]], [['<=', 0.8979389926515192], ['<=', 0.9117327528333214], ['<=', 0.6310764053626643], ['<=', 0.6739485029837353], ['<', 0.5884945629062859]], [['<=', 0.5548928887882534], ['>', 0.5682406134736719], ['>=', 0.11502891850102603], ['<', 0.39130846568717736], ['>=', 0.4102068456264726]], [['<', 0.3497619027400345], ['>=', 0.6284438437884868], ['>=', 0.8507486829029086], ['>', 0.6896742769319996], ['>=', 0.3450189819183711]], [['<', 0.7390020523720331], ['>', 0.8383284531724617], ['<', 0.23717530032828116], ['<=', 0.10795036807981395], ['<', 0.5121326595472021]], [['>', 0.5850572531999177], ['<', 0.04453179271143848], ['>', 0.08130396502802684], ['>=', 0.7371761897937471], ['>', 0.7729324192487538]], [['<=', 0.9176983338538814], ['<=', 0.7161351012958663], ['>=', 0.33049258522613734], ['<', 0.37849166222557784], ['<', 0.9674414415378503]], [['>', 0.9347412983149448], ['>', 0.5310072869989709], ['<=', 0.19844974157741446], ['>=', 0.8326965084910373], ['<', 0.20631007276949254]], [['<', 0.7527817251475325], ['>=', 0.8263902163859776], ['>', 0.030008877621585994], ['<', 0.10028805408443808], ['>=', 0.054904849575288295]], [['<=', 0.5393953481525424], ['<', 0.3488678078401015], ['>=', 0.4110267763219435], ['>', 0.00775981498761158], ['<', 0.5902362959906919]], [['<', 0.9283947847622627], ['<', 0.6637775055900803], ['>=', 0.5253526756679169], ['>', 0.805753195374788], ['>=', 0.020007769160138134]], [['<', 0.7466652193280384], ['>=', 0.3108753769452064], ['<', 0.4378983531527225], ['>=', 0.12485299102731862], ['>', 0.8922687336256394]], [['>=', 0.08022208792134689], ['>', 0.02257919787223628], ['>', 0.8609580851111924], ['<=', 0.5246988956199525], ['<', 0.7287145299195256]], [['>', 0.9550452692315138], ['<=', 0.6372892550915265], ['<=', 0.22271791480989422], ['<=', 0.8738233504944818], ['>', 0.7061536430148633]], [['>', 0.1789368377862557], ['>=', 0.8587759277734611], ['>=', 0.14813909816357773], ['>=', 0.011580553209110889], ['>', 0.20365583845361057]], [['<', 0.04558678904709923], ['>', 0.1305667606943426], ['>', 0.8158038380561983], ['>', 0.3448724944218121], ['>=', 0.5286048021173116]], [['<', 0.870453143026974], ['<', 0.5156029952323912], ['<=', 0.697802356834051], ['>=', 0.30682615261149515], ['>', 0.1652293104309024]], [['<', 0.05632418790395677], ['>', 0.7901884817600026], ['>', 0.2598157205631766], ['<', 0.289795323363918], ['>', 0.19468271528065584]], [['>=', 0.8677299795218795], ['<', 0.6926999601685021], ['>', 0.9024243678367623], ['>', 0.43584788889029913], ['<', 0.5379418084131563]], [['>', 0.7580381304684605], ['<', 0.30795078146608534], ['>=', 0.1906120846666951], ['<=', 0.26641461801118393], ['<=', 0.9842419139209383]], [['<=', 0.4698120692775446], ['>', 0.5392989862054564], ['<=', 0.5692617750821257], ['>=', 0.15006519782079109], ['<', 0.5742432380703537]], [['>', 0.9857934630421172], ['>=', 0.6892979468634038], ['>=', 0.3726506619266772], ['<=', 0.2595190305846147], ['>=', 0.8161262426804341]], [['<=', 0.6320145281780966], ['>', 0.24343417856920346], ['>', 0.9258504983739376], ['>=', 0.36545576008749603], ['<=', 0.7084520497878211]], [['<', 0.9300863308947451], ['>', 0.11208620718845108], ['>=', 0.7807284354534606], ['<=', 0.8722231244843506], ['>', 0.4112778607791754]], [['<=', 0.09393179848821553], ['<=', 0.29820288679704765], ['>=', 0.12471542873704955], ['>', 0.46160056618434553], ['<', 0.8498035374858317]], [['>=', 0.6017719387413046], ['>=', 0.9577511238065771], ['>=', 0.14549774229430745], ['<', 0.5589824739760756], ['>=', 0.1554562224257664]], [['>', 0.8890237698121334], ['<=', 0.5265283858080296], ['>=', 0.12816130783047663], ['<=', 0.1718554284376026], ['>', 0.29740757371933313]], [['>=', 0.3594952036699165], ['>=', 0.6060022553442106], ['<=', 0.8890262916568952], ['>', 0.3073361764359168], ['>=', 0.9120621869363047]], [['<=', 0.12434786466685477], ['>=', 0.590428334146585], ['>=', 0.1545312072994809], ['<=', 0.6212515004952597], ['>=', 0.9941676550251869]], [['<', 0.13574746582189456], ['>', 0.790286583152249], ['<=', 0.3738259715503188], ['>=', 0.573940351432028], ['<=', 0.3640074383356584]], [['<=', 0.08605828381273406], ['<', 0.9425146472686975], ['>', 0.7739301606882235], ['>=', 0.8371683231930509], ['>=', 0.7580175965963929]], [['<', 0.43156847469503024], ['<=', 0.676788033562344], ['>=', 0.09246035393006236], ['<', 0.4730070000318335], ['<', 0.4057976277498536]], [['>=', 0.8531719310457229], ['>', 0.706309653607084], ['>=', 0.1314651539278865], ['<=', 0.9615909385044235], ['>=', 0.9265133883885883]], [['>=', 0.9479982042552906], ['<=', 0.7345592049373617], ['<=', 0.7646854040343727], ['<=', 0.96132784889518], ['>', 0.9528108370394247]], [['<', 0.09770495599988616], ['<', 0.584759774180978], ['<=', 0.1626321529311744], ['<=', 0.5915586355300609], ['<', 0.521635276573004]], [['>', 0.5400792789685213], ['<', 0.4912045668948434], ['<=', 0.23890035809356525], ['<=', 0.23890216735666825], ['<=', 0.7027981438224623]], [['>', 0.8269577474101469], ['<=', 0.4014435153756608], ['>', 0.34399357917871864], ['>', 0.5521535244037712], ['>=', 0.7244517588536009]], [['>', 0.0972285285319886], ['>=', 0.15589666917430023], ['>', 0.4260241726690539], ['<', 0.34940512357140263], ['<=', 0.23664567182051077]], [['>=', 0.17641993790179455], ['>', 0.49573713221892346], ['<', 0.45454497721354836], ['<', 0.13720985162718702], ['>=', 0.37274215504306496]], [['>', 0.17301079628728988], ['<=', 0.38105454300372454], ['<', 0.23642238846081143], ['>', 0.689455400487718], ['<=', 0.9829112200781839]], [['<=', 0.8371425154982663], ['<=', 0.7341102077015095], ['<', 0.953244481557952], ['<', 0.20982964432537898], ['>=', 0.2147317923184241]], [['<', 0.3543971268934992], ['>=', 0.2981607433030202], ['>=', 0.7272071208435722], ['<=', 0.8793062918748344], ['>=', 0.5765198986310477]], [['<=', 0.8515486205067546], ['<=', 0.43710236809226266], ['>', 0.14022247030372392], ['>', 0.49489802123378757], ['<', 0.9596957990345801]], [['>', 0.40228933733812877], ['>=', 0.809145787095094], ['<=', 0.03340185987946975], ['>', 0.6096465326429332], ['<', 0.9445330380777555]], [['<=', 0.34361734867224425], ['<=', 0.28381091755495436], ['>', 0.1426899065466115], ['>=', 0.05510651271242939], ['>', 0.39506120239493536]], [['<', 0.02199171070350958], ['>=', 0.9513456762569673], ['>', 0.07721138632258806], ['<', 0.9512127788393157], ['>=', 0.9599432170788114]], [['<', 0.7412171610211179], ['<=', 0.600391627256419], ['>=', 0.8111365472095148], ['<=', 0.6530212280724556], ['>', 0.4883674475782498]], [['>', 0.9834919129961345], ['>', 0.5796653873693601], ['>', 0.7268681576427937], ['<', 0.2583739623377963], ['>=', 0.10381423930205802]], [['>', 0.8266967662119828], ['<=', 0.8731939115693812], ['<', 0.8919500228006677], ['>', 0.38575276646987455], ['>=', 0.05865341135434565]], [['>=', 0.283087969077798], ['<', 0.9882269928979857], ['>', 0.6557246762920581], ['>=', 0.03978664889291261], ['>', 0.7276273378264007]], [['<=', 0.567356304892469], ['<', 0.7427167340376082], ['<=', 0.48686771734230505], ['>', 0.5971552113524402], ['>=', 0.37632113327167505]], [['>', 0.4259804067006695], ['>=', 0.5107867338287015], ['>', 0.5983589232344974], ['>=', 0.21303539804813176], ['<=', 0.5178165062115325]], [['>', 0.348150435004684], ['>=', 0.6051932269745599], ['>=', 0.99667148300502], ['>=', 0.09374223496384959], ['<=', 0.6544938955735556]], [['<=', 0.7466752281753226], ['>', 0.36017341754272025], ['<', 0.6810107065276487], ['>=', 0.19871781185222326], ['>=', 0.9453041428532587]], [['>', 0.21312984640262034], ['>=', 0.9050195648981854], ['<', 0.2392178651359419], ['<', 0.05512190915091275], ['<', 0.7126218698172353]], [['>=', 0.9329444351268882], ['<', 0.3285320327692821], ['>', 0.65294215061436], ['>=', 0.179137451461873], ['<=', 0.4982152846622554]], [['<=', 0.30194088893526705], ['>=', 0.9729961366260103], ['>', 0.3992622034812462], ['>', 0.024355554674992397], ['<', 0.9268816449753182]], [['>=', 0.2569514817042733], ['>', 0.9023180960316378], ['>', 0.4153725156684899], ['<=', 0.7715731575981262], ['>', 0.37084181948996287]], [['<=', 0.7123930266111735], ['<=', 0.8310366826733875], ['>', 0.6278387968715409], ['<', 0.09232975422260037], ['>=', 0.10179515515864623]], [['<', 0.6143270765787062], ['<', 0.5794519039667888], ['>=', 0.3160863550274211], ['>', 0.3354501490762415], ['<=', 0.7797889541958568]], [['>', 0.6473686085377406], ['>=', 0.7127543709818501], ['<=', 0.9651895925543158], ['<=', 0.32199734301692584], ['>=', 0.8296266397402159]], [['>=', 0.7491652605289879], ['<=', 0.30321104058482806], ['>=', 0.9340387160902076], ['<', 0.44051592176080967], ['>=', 0.1537665202676063]], [['>', 0.2585299922594555], ['<=', 0.9963973711958032], ['<', 0.46029166644804387], ['<', 0.42192855859445977], ['<', 0.11533924802131568]], [['>=', 0.2861995219308572], ['>', 0.20077138619221802], ['>', 0.3189512820081014], ['>', 0.5227029644584126], ['>=', 0.09514622181268684]], [['<=', 0.909207375087027], ['<=', 0.4096510446807571], ['<=', 0.9549321154715067], ['<', 0.882910077733763], ['>', 0.5901199333012322]], [['<', 0.6834688742450841], ['>=', 0.7932404636692548], ['>=', 0.11047858901531693], ['<=', 0.7210497041487517], ['<=', 0.7747350544392038]], [['>', 0.5941161718014856], ['<=', 0.31142828149237967], ['>=', 0.7264016611320413], ['>=', 0.744452261863589], ['<=', 0.4304734688070161]], [['<', 0.6624036475933747], ['>', 0.9281670633260348], ['>=', 0.5549724946065542], ['<=', 0.6300423958157233], ['<=', 0.30720890364599507]], [['>', 0.8044580376225597], ['>=', 0.03239876739515235], ['<', 0.32016076906045376], ['>', 0.25277626329768854], ['>=', 0.9649874827305965]], [['>=', 0.05040426368038664], ['<', 0.6580378242731295], ['>=', 0.4508898867581246], ['>', 0.650919416087336], ['<=', 0.643424719402358]], [['<=', 0.40104684628555687], ['>', 0.89596833979674], ['>=', 0.7987200602451707], ['<=', 0.8404214211631613], ['>', 0.977148681807307]], [['>', 0.9391893486867622], ['>', 0.6476247009663166], ['<=', 0.5415612502978321], ['<', 0.6425624072400714], ['>', 0.629256813956007]], [['<', 0.062196683488082716], ['<', 0.5394055851212908], ['<', 0.01388081348586967], ['<', 0.53581644653385], ['<', 0.5206069991800595]], [['>=', 0.3086117627137531], ['>', 0.2634018075583062], ['>', 0.015008109820921156], ['>=', 0.9385101596990019], ['>', 0.41656100119070094]], [['<=', 0.7164375927876514], ['<=', 0.6536062215367475], ['<=', 0.3853054074863085], ['>=', 0.8864718761854594], ['>=', 0.12738046903224753]], [['<', 0.3734446692176392], ['<=', 0.16776752498364844], ['>=', 0.3563820687506841], ['>', 0.8292042397992083], ['<', 0.9725533079867648]], [['<', 0.11187333512303099], ['<', 0.03879688440570228], ['>=', 0.8016909530360263], ['<', 0.7646306204469927], ['<=', 0.3794764395198865]], [['<', 0.8128590012927853], ['>=', 0.6411513053529991], ['>', 0.9151018956488022], ['>=', 0.626867813558699], ['<=', 0.4275470015764178]], [['<', 0.8703913346219925], ['>', 0.8787054308868386], ['>', 0.7549589173928745], ['<=', 0.8533708901608394], ['>', 0.9504590149174185]]]
INFO:root:Condi_evo: calculating iteration 0 with population containing 99 unique elements
INFO:root:Condi_evo: evolving_population
DEBUG:root:amount_of_offspring: 66
INFO:root:Condi_evo: cutting_population by 65 elems
DEBUG:root:63
DEBUG:root:[['>', 0.40228933733812877], ['>=', 0.809145787095094], ['<=', 0.03340185987946975], ['>', 0.6096465326429332], ['<', 0.9445330380777555]]
DEBUG:root:55
DEBUG:root:[['>', 0.5400792789685213], ['<', 0.4912045668948434], ['<=', 0.23890035809356525], ['<=', 0.23890216735666825], ['<=', 0.7027981438224623]]
DEBUG:root:59
DEBUG:root:[['>', 0.17301079628728988], ['<=', 0.38105454300372454], ['<', 0.23642238846081143], ['>', 0.689455400487718], ['<=', 0.9829112200781839]]
DEBUG:root:68
DEBUG:root:[['>', 0.8266967662119828], ['<=', 0.8731939115693812], ['<', 0.8919500228006677], ['>', 0.38575276646987455], ['>=', 0.05865341135434565]]
DEBUG:root:53
DEBUG:root:[['>=', 0.9479982042552906], ['<=', 0.7345592049373617], ['<=', 0.7646854040343727], ['<=', 0.96132784889518], ['>', 0.9528108370394247]]
DEBUG:root:82
DEBUG:root:[['>', 0.2585299922594555], ['<=', 0.9963973711958032], ['<', 0.46029166644804387], ['<', 0.42192855859445977], ['<', 0.11533924802131568]]
DEBUG:root:5
DEBUG:root:[['>=', 0.8827355739075752], ['<', 0.7535537841393081], ['<', 0.0756649445028924], ['<', 0.04778696923405712], ['>', 0.36118968897456105]]
DEBUG:root:1
DEBUG:root:[['>', 0.3732180038202212], ['<', 0.6252117319640937], ['<', 0.5670493812559196], ['>=', 0.5619465865909853], ['<', 0.8002695165982981]]
DEBUG:root:33
DEBUG:root:[['>', 0.9550452692315138], ['<=', 0.6372892550915265], ['<=', 0.22271791480989422], ['<=', 0.8738233504944818], ['>', 0.7061536430148633]]
DEBUG:root:0
DEBUG:root:[['>', 0.2255268554730403], ['<=', 0.2916651586344524], ['<', 0.5243941030200833], ['>=', 0.49497519186264005], ['>=', 0.7183424352037796]]
DEBUG:root:67
DEBUG:root:[['>', 0.9834919129961345], ['>', 0.5796653873693601], ['>', 0.7268681576427937], ['<', 0.2583739623377963], ['>=', 0.10381423930205802]]
DEBUG:root:72
DEBUG:root:[['>', 0.348150435004684], ['>=', 0.6051932269745599], ['>=', 0.99667148300502], ['>=', 0.09374223496384959], ['<=', 0.6544938955735556]]
DEBUG:root:75
DEBUG:root:[['>=', 0.9329444351268882], ['<', 0.3285320327692821], ['>', 0.65294215061436], ['>=', 0.179137451461873], ['<=', 0.4982152846622554]]
DEBUG:root:71
DEBUG:root:[['>', 0.4259804067006695], ['>=', 0.5107867338287015], ['>', 0.5983589232344974], ['>=', 0.21303539804813176], ['<=', 0.5178165062115325]]
DEBUG:root:38
DEBUG:root:[['>=', 0.8677299795218795], ['<', 0.6926999601685021], ['>', 0.9024243678367623], ['>', 0.43584788889029913], ['<', 0.5379418084131563]]
DEBUG:root:6
DEBUG:root:[['>=', 0.18502354177171887], ['<=', 0.6628906551851245], ['>', 0.8107816371045728], ['<=', 0.7716193015222412], ['>=', 0.23392362050892757]]
DEBUG:root:27
DEBUG:root:[['>', 0.9347412983149448], ['>', 0.5310072869989709], ['<=', 0.19844974157741446], ['>=', 0.8326965084910373], ['<', 0.20631007276949254]]
DEBUG:root:86
DEBUG:root:[['>', 0.5941161718014856], ['<=', 0.31142828149237967], ['>=', 0.7264016611320413], ['>=', 0.744452261863589], ['<=', 0.4304734688070161]]
DEBUG:root:74
DEBUG:root:[['>', 0.21312984640262034], ['>=', 0.9050195648981854], ['<', 0.2392178651359419], ['<', 0.05512190915091275], ['<', 0.7126218698172353]]
DEBUG:root:91
DEBUG:root:[['>', 0.9391893486867622], ['>', 0.6476247009663166], ['<=', 0.5415612502978321], ['<', 0.6425624072400714], ['>', 0.629256813956007]]
DEBUG:root:12
DEBUG:root:[['>', 0.7700506791058219], ['<', 0.326727372334886], ['>', 0.9300654387633978], ['>=', 0.12581487507248834], ['<', 0.6391932881108191]]
DEBUG:root:81
DEBUG:root:[['>=', 0.7491652605289879], ['<=', 0.30321104058482806], ['>=', 0.9340387160902076], ['<', 0.44051592176080967], ['>=', 0.1537665202676063]]
DEBUG:root:69
DEBUG:root:[['>=', 0.283087969077798], ['<', 0.9882269928979857], ['>', 0.6557246762920581], ['>=', 0.03978664889291261], ['>', 0.7276273378264007]]
DEBUG:root:77
DEBUG:root:[['>=', 0.2569514817042733], ['>', 0.9023180960316378], ['>', 0.4153725156684899], ['<=', 0.7715731575981262], ['>', 0.37084181948996287]]
DEBUG:root:89
DEBUG:root:[['>=', 0.05040426368038664], ['<', 0.6580378242731295], ['>=', 0.4508898867581246], ['>', 0.650919416087336], ['<=', 0.643424719402358]]
DEBUG:root:2
DEBUG:root:[['<', 0.9807594038730283], ['<', 0.47368160147278016], ['<', 0.19712989341126197], ['<', 0.4293821352174819], ['>=', 0.09789183457367101]]
DEBUG:root:3
DEBUG:root:[['<', 0.8996166979629089], ['>=', 0.6278291448309214], ['<', 0.39470191637574337], ['>=', 0.49875318549283876], ['>=', 0.35574078807700427]]
DEBUG:root:4
DEBUG:root:[['<=', 0.27906334856891013], ['>', 0.6981518131003681], ['<', 0.635880660499416], ['>', 0.8739384546585588], ['>=', 0.2537893820455561]]
DEBUG:root:7
DEBUG:root:[['<=', 0.9915038805472629], ['<=', 0.1081382656407398], ['>=', 0.13054767283723778], ['<', 0.6747398460188482], ['>=', 0.1788008072068591]]
DEBUG:root:8
DEBUG:root:[['<', 0.45550193062374233], ['<=', 0.4536049374206963], ['>', 0.44333287897672635], ['>', 0.581043322250372], ['>=', 0.9014604079396396]]
DEBUG:root:9
DEBUG:root:[['>=', 0.9586774821946887], ['<=', 0.2095012788235867], ['>', 0.39441881273530455], ['<=', 0.4637603027762801], ['>=', 0.19135293854714985]]
DEBUG:root:10
DEBUG:root:[['<', 0.16213329383027708], ['<', 0.4682727587227169], ['<=', 0.6931454374871622], ['<', 0.5516740897532528], ['<', 0.9709007552891775]]
DEBUG:root:11
DEBUG:root:[['>=', 0.03438409622917471], ['>', 0.15153212835483987], ['>=', 0.8479427937828975], ['<=', 0.4897902223871121], ['>=', 0.9756137637868807]]
DEBUG:root:13
DEBUG:root:[['>=', 0.37575820334674037], ['>', 0.012143110108579824], ['>', 0.3093609153980311], ['<', 0.6146505832832464], ['<', 0.07852250761254809]]
DEBUG:root:14
DEBUG:root:[['<', 0.40556625565215687], ['>=', 0.458049809171457], ['>', 0.023916898340523907], ['<=', 0.4967346617340038], ['<=', 0.4826879588440457]]
DEBUG:root:15
DEBUG:root:[['<=', 0.7233417063999135], ['<', 0.8496789853639729], ['<', 0.21073447674060553], ['>=', 0.6363033480863255], ['>=', 0.698497898402248]]
DEBUG:root:16
DEBUG:root:[['<=', 0.6721611992482437], ['>', 0.5198159532604157], ['<=', 0.24949285877245542], ['<=', 0.42608032510899974], ['>', 0.10916469443917942]]
DEBUG:root:17
DEBUG:root:[['>=', 0.0028374591947297745], ['>=', 0.3049947867302686], ['<', 0.6283644956681078], ['<', 0.9081738329172582], ['<=', 0.565490239875727]]
DEBUG:root:18
DEBUG:root:[['<', 0.6076092493454955], ['>', 0.40942052655223526], ['<', 0.9289130131442126], ['<', 0.16098224053693022], ['<=', 0.996278596583306]]
DEBUG:root:19
DEBUG:root:[['>', 0.3818465850415774], ['>=', 0.5611026563315459], ['<=', 0.8341698418357275], ['<', 0.885006315493686], ['<', 0.5944605451774343]]
DEBUG:root:20
DEBUG:root:[['<=', 0.7144111071403044], ['>', 0.6113673790156099], ['<=', 0.2835829718653806], ['<', 0.21160161560435065], ['>', 0.3530231967778553]]
DEBUG:root:21
DEBUG:root:[['<=', 0.8979389926515192], ['<=', 0.9117327528333214], ['<=', 0.6310764053626643], ['<=', 0.6739485029837353], ['<', 0.5884945629062859]]
DEBUG:root:22
DEBUG:root:[['<=', 0.5548928887882534], ['>', 0.5682406134736719], ['>=', 0.11502891850102603], ['<', 0.39130846568717736], ['>=', 0.4102068456264726]]
DEBUG:root:23
DEBUG:root:[['<', 0.3497619027400345], ['>=', 0.6284438437884868], ['>=', 0.8507486829029086], ['>', 0.6896742769319996], ['>=', 0.3450189819183711]]
DEBUG:root:24
DEBUG:root:[['<', 0.7390020523720331], ['>', 0.8383284531724617], ['<', 0.23717530032828116], ['<=', 0.10795036807981395], ['<', 0.5121326595472021]]
DEBUG:root:25
DEBUG:root:[['>', 0.5850572531999177], ['<', 0.04453179271143848], ['>', 0.08130396502802684], ['>=', 0.7371761897937471], ['>', 0.7729324192487538]]
DEBUG:root:26
DEBUG:root:[['<=', 0.9176983338538814], ['<=', 0.7161351012958663], ['>=', 0.33049258522613734], ['<', 0.37849166222557784], ['<', 0.9674414415378503]]
DEBUG:root:28
DEBUG:root:[['<', 0.7527817251475325], ['>=', 0.8263902163859776], ['>', 0.030008877621585994], ['<', 0.10028805408443808], ['>=', 0.054904849575288295]]
DEBUG:root:29
DEBUG:root:[['<=', 0.5393953481525424], ['<', 0.3488678078401015], ['>=', 0.4110267763219435], ['>', 0.00775981498761158], ['<', 0.5902362959906919]]
DEBUG:root:30
DEBUG:root:[['<', 0.9283947847622627], ['<', 0.6637775055900803], ['>=', 0.5253526756679169], ['>', 0.805753195374788], ['>=', 0.020007769160138134]]
DEBUG:root:31
DEBUG:root:[['<', 0.7466652193280384], ['>=', 0.3108753769452064], ['<', 0.4378983531527225], ['>=', 0.12485299102731862], ['>', 0.8922687336256394]]
DEBUG:root:32
DEBUG:root:[['>=', 0.08022208792134689], ['>', 0.02257919787223628], ['>', 0.8609580851111924], ['<=', 0.5246988956199525], ['<', 0.7287145299195256]]
DEBUG:root:34
DEBUG:root:[['>', 0.1789368377862557], ['>=', 0.8587759277734611], ['>=', 0.14813909816357773], ['>=', 0.011580553209110889], ['>', 0.20365583845361057]]
DEBUG:root:35
DEBUG:root:[['<', 0.04558678904709923], ['>', 0.1305667606943426], ['>', 0.8158038380561983], ['>', 0.3448724944218121], ['>=', 0.5286048021173116]]
DEBUG:root:36
DEBUG:root:[['<', 0.870453143026974], ['<', 0.5156029952323912], ['<=', 0.697802356834051], ['>=', 0.30682615261149515], ['>', 0.1652293104309024]]
DEBUG:root:37
DEBUG:root:[['<', 0.05632418790395677], ['>', 0.7901884817600026], ['>', 0.2598157205631766], ['<', 0.289795323363918], ['>', 0.19468271528065584]]
DEBUG:root:39
DEBUG:root:[['>', 0.7580381304684605], ['<', 0.30795078146608534], ['>=', 0.1906120846666951], ['<=', 0.26641461801118393], ['<=', 0.9842419139209383]]
DEBUG:root:40
DEBUG:root:[['<=', 0.4698120692775446], ['>', 0.5392989862054564], ['<=', 0.5692617750821257], ['>=', 0.15006519782079109], ['<', 0.5742432380703537]]
DEBUG:root:41
DEBUG:root:[['>', 0.9857934630421172], ['>=', 0.6892979468634038], ['>=', 0.3726506619266772], ['<=', 0.2595190305846147], ['>=', 0.8161262426804341]]
DEBUG:root:42
DEBUG:root:[['<=', 0.6320145281780966], ['>', 0.24343417856920346], ['>', 0.9258504983739376], ['>=', 0.36545576008749603], ['<=', 0.7084520497878211]]
DEBUG:root:43
DEBUG:root:[['<', 0.9300863308947451], ['>', 0.11208620718845108], ['>=', 0.7807284354534606], ['<=', 0.8722231244843506], ['>', 0.4112778607791754]]
DEBUG:root:44
DEBUG:root:[['<=', 0.09393179848821553], ['<=', 0.29820288679704765], ['>=', 0.12471542873704955], ['>', 0.46160056618434553], ['<', 0.8498035374858317]]
DEBUG:root:45
DEBUG:root:[['>=', 0.6017719387413046], ['>=', 0.9577511238065771], ['>=', 0.14549774229430745], ['<', 0.5589824739760756], ['>=', 0.1554562224257664]]
DEBUG:root:46
DEBUG:root:[['>', 0.8890237698121334], ['<=', 0.5265283858080296], ['>=', 0.12816130783047663], ['<=', 0.1718554284376026], ['>', 0.29740757371933313]]
DEBUG:root:47
DEBUG:root:[['>=', 0.3594952036699165], ['>=', 0.6060022553442106], ['<=', 0.8890262916568952], ['>', 0.3073361764359168], ['>=', 0.9120621869363047]]
DEBUG:root:Cut population:
