INFO:root:EVO_CONFIG:
INFO:root:{'POPULATION_SIZE': 99, 'DROP_RATIO': 0.666666666, 'MUTATION_RATE': 0.1, 'NO_OF_MAPS': 1, 'NO_OF_ITERATIONS': 80, 'POOL_SIZE': 8}
INFO:root:[[1], [1, 1, 1, 1, 1, 1, 1, 1], [1, 1, 1, 1, 1, 1, 1, 1, 1, 1, 1, 1, 1, 1, 1, 1], [1, 1, 1, 1, 1, 1, 1, 1, 1, 1, 1, 1, 1, 1, 1, 1, 1, 1, 1, 1, 1, 1, 1, 1], [1, 1, 1, 1, 1, 1, 1, 1, 1, 1, 1, 1, 1, 1, 1, 1, 1, 1, 1, 1, 1, 1, 1, 1, 1, 1, 1, 1, 1, 1, 1, 1]]
INFO:root:Condi_evo: initiating_population
INFO:root:Condi_evo: calculating population:
INFO:root:[[['>=', 0.04641137165298381], ['>', 0.8462369783334512], ['<', 0.41728696309141566], ['<=', 0.4099538037050269], ['<=', 0.6777347589522759]], [['<=', 0.0010062327667517135], ['<=', 0.8609376132709439], ['<', 0.528694038089123], ['>', 0.6710722756350876], ['<=', 0.6776315474497214]], [['<', 0.05902544406281629], ['>=', 0.9887382002752592], ['<', 0.6979822538730646], ['<=', 0.03260634632103321], ['<', 0.45299402707490566]], [['>', 0.5269655332769352], ['>', 0.7705124732922277], ['<=', 0.3093697369952434], ['>', 0.9766467726671201], ['<', 0.8359836453164664]], [['>', 0.7303936638445142], ['>=', 0.8825245275310795], ['>', 0.9236787533628089], ['<', 0.32657709972807514], ['>=', 0.33510060002069775]], [['<', 0.061531226113288984], ['>', 0.6678133652690358], ['>=', 0.04438060939776578], ['>', 0.30207547834881265], ['>=', 0.7927972263855941]], [['>=', 0.6597791335530209], ['>=', 0.30359995772515436], ['>=', 0.5299866935374695], ['>=', 0.799471299928994], ['>', 0.26375429823777874]], [['<=', 0.39868689945664015], ['<', 0.25286400012885335], ['>', 0.9213791768628365], ['>', 0.3488563283217263], ['>=', 0.07987385402582114]], [['<', 0.3842126662223022], ['>', 0.09271518277893098], ['>=', 0.05755951557398975], ['>', 0.6723695247442028], ['>', 0.44347208050915077]], [['<=', 0.8521635480933919], ['>', 0.17330516844155686], ['>=', 0.3712448449039927], ['>', 0.9738521148562486], ['<', 0.8695082479742802]], [['>', 0.668566531886443], ['<', 0.5135122936460106], ['>', 0.7113018020708166], ['>', 0.29761463602541716], ['>=', 0.8681988979747113]], [['<=', 0.3044820362248638], ['<=', 0.24410332482771946], ['>', 0.5666306129678991], ['>=', 0.8257120967381165], ['>', 0.9157137501070838]], [['>=', 0.8111021220580934], ['<=', 0.9764588552775586], ['<', 0.7719859244033467], ['>=', 0.5156569101474945], ['>', 0.14125536981912645]], [['>', 0.5609840991630054], ['<=', 0.29805371471912356], ['<', 0.07365579738139483], ['<', 0.5833867793057711], ['<', 0.1444175979027169]], [['<=', 0.18345462467162932], ['>=', 0.6747142936945594], ['<', 0.6564319260954323], ['>', 0.5373741220635307], ['<', 0.6604371736250936]], [['>=', 0.33647810058517413], ['>', 0.6431698597636932], ['<=', 0.24446191951830132], ['>=', 0.9024161986312097], ['>', 0.4318882683991624]], [['>=', 0.8696840819394638], ['<=', 0.5263146922513061], ['>=', 0.9254079087569872], ['>=', 0.7336447586263456], ['<', 0.6870190840136956]], [['<=', 0.3786871146066082], ['<=', 0.7517327691092934], ['>=', 0.5486050611597113], ['>', 0.5785829008955271], ['<', 0.9748601602383218]], [['<', 0.5719954074976372], ['>', 0.42954982477928405], ['<', 0.5486268574886165], ['>=', 0.4569456629212688], ['>=', 0.2727177646081851]], [['>', 0.36733539138113946], ['>', 0.6757616049718135], ['<', 0.28237256523633003], ['<=', 0.3284593952344752], ['<=', 0.9990209316230395]], [['>=', 0.4017534390743768], ['<=', 0.9154997348267225], ['>=', 0.6529816343126984], ['<=', 0.2842546690826582], ['<=', 0.5893953856285995]], [['>', 0.42809633405833747], ['>', 0.13586950087150218], ['>=', 0.07892780165644575], ['>', 0.00031936243362984396], ['<=', 0.06927711902083689]], [['<=', 0.3364326414134844], ['<=', 0.44288611811658196], ['>=', 0.8998759838271929], ['>', 0.5515124643814691], ['<=', 0.7129382775622515]], [['<=', 0.2157391502195527], ['>', 0.11061725424867164], ['>', 0.9823605741446517], ['<', 0.40930815631044615], ['<', 0.11055106581545393]], [['<=', 0.4365052178056742], ['>', 0.5955709796180989], ['<=', 0.14112942669586315], ['<=', 0.038612730174023335], ['>', 0.5362696787286847]], [['<=', 0.7363689560533134], ['<=', 0.6570944849026397], ['>', 0.045575331740086655], ['>', 0.7554556432688431], ['<=', 0.11685013023896784]], [['>=', 0.7513782560823139], ['>=', 0.4461459085246009], ['>', 0.24513213962936298], ['>=', 0.10288426936436779], ['<', 0.9214822124559325]], [['<=', 0.6838738837105062], ['<', 0.11645906302709164], ['<', 0.3609047960625591], ['>=', 0.5502111422532231], ['>=', 0.23202949939164064]], [['<=', 0.7346581013136151], ['>', 0.6388874819441897], ['>=', 0.6561165416903458], ['<=', 0.2470031939156071], ['>=', 0.9029643971532448]], [['<=', 0.11112617694704141], ['<', 0.36260821967267776], ['<=', 0.5684002792288269], ['>', 0.8537349536698516], ['>=', 0.6466717471684874]], [['>=', 0.5999821061905327], ['>=', 0.46926814875261436], ['>', 0.2916748171126181], ['>=', 0.38410404349481475], ['<', 0.06127335129256095]], [['<', 0.13257393970359888], ['>=', 0.8402228155302991], ['<', 0.323099951219909], ['>', 0.11924475143354085], ['>', 0.8259862428364951]], [['<', 0.40146553090230963], ['<=', 0.5540342565130224], ['>', 0.062035641315137835], ['>=', 0.6159136310657366], ['<=', 0.3960422874300261]], [['<', 0.38446354549706596], ['>=', 0.4050134691251368], ['>', 0.1648158227465667], ['<=', 0.33475333549794584], ['>', 0.36261077277500886]], [['<', 0.7081112413101446], ['<', 0.5310043546816936], ['<', 0.646603219744683], ['>', 0.7411564791292643], ['<=', 0.7219731730806515]], [['<', 0.7152369862751972], ['>', 0.7133667826287561], ['>=', 0.6413166068378043], ['>=', 0.6933192839039485], ['>', 0.8450239222535391]], [['>=', 0.21824751278651278], ['>=', 0.2876720820539598], ['<=', 0.05469806154649104], ['<', 0.07447971109800822], ['>', 0.2611990623386392]], [['<', 0.3415097027869157], ['>', 0.20963833799572862], ['<=', 0.8180784122089925], ['>=', 0.1949778947377454], ['>=', 0.12161766405428553]], [['<', 0.2027058366605632], ['<', 0.5020381255895324], ['<=', 0.839286912142628], ['>=', 0.6141145085413423], ['<=', 0.6733860798421533]], [['<=', 0.2899843024687271], ['<=', 0.9862441087461022], ['>=', 0.5568908120489962], ['<', 0.1885042124665287], ['<=', 0.4613684372164196]], [['<=', 0.46902651760497327], ['<=', 0.678864737736204], ['<', 0.0847563989798803], ['<', 0.27328419006567894], ['>=', 0.7706197902889703]], [['<=', 0.5571408815467681], ['>', 0.39461852319773427], ['>=', 0.8358382549122673], ['>', 0.6531679950017105], ['<', 0.1764085424893067]], [['<', 0.5025785727695281], ['<=', 0.6706905171247781], ['>', 0.5781068747975802], ['>', 0.5144410499161416], ['>=', 0.7562792377138952]], [['>', 0.8930850674450286], ['<', 0.5612293810700153], ['>=', 0.6182301998414572], ['<', 0.5623586690050861], ['<', 0.7654055728723232]], [['>', 0.12345888589242615], ['<', 0.457345226528731], ['>=', 0.9530165925254027], ['>=', 0.0030048945952613204], ['<', 0.8646262465392248]], [['>', 0.11448461478291949], ['<=', 0.5496073953314657], ['<', 0.23719421626668635], ['>=', 0.1230994177285809], ['<', 0.8315719459046693]], [['<=', 0.18787930005807196], ['<=', 0.6830141257932387], ['>=', 0.5107844499392579], ['>', 0.8758820981629791], ['<', 0.1622638541537813]], [['>=', 0.6793981186157142], ['>=', 0.3280893775270717], ['>=', 0.4029065335869704], ['<=', 0.36621838961768316], ['<', 0.3137144375522891]], [['>=', 0.5821355424336476], ['>=', 0.2700067965907216], ['<=', 0.3974699533494298], ['<', 0.9605371282748643], ['>=', 0.2714755846687652]], [['<', 0.075004355804419], ['>=', 0.9476126987793605], ['>=', 0.7377821926025839], ['<', 0.5822592620943736], ['<=', 0.05172734051361938]], [['<=', 0.871145532304155], ['>=', 0.6165287620487377], ['>', 0.281867806050655], ['>', 0.00427551874860066], ['>=', 0.7835255464965172]], [['>=', 0.511498886575709], ['<=', 0.33949703095281925], ['<', 0.5956591444398234], ['>=', 0.44206291371472484], ['<', 0.11548605601276263]], [['>', 0.18627245413283466], ['>', 0.28766289414345236], ['<=', 0.6923380809064753], ['>', 0.11632511631307396], ['<', 0.47720172277048967]], [['<=', 0.4386443477656494], ['>=', 0.06757604722684973], ['<=', 0.8051311769517173], ['>=', 0.7348777627849458], ['>=', 0.6314261132311403]], [['>', 0.6330827251510801], ['>=', 0.9154023833682879], ['<=', 0.0742053488103418], ['>=', 0.6138913730163915], ['<', 0.41957606658030544]], [['<', 0.5197014485386404], ['>', 0.1720734459959138], ['<=', 0.7261497553083651], ['>', 0.49881820321376025], ['<', 0.21666582193420436]], [['>=', 0.6138988114516672], ['<=', 0.9296815663311466], ['<', 0.3294441340509213], ['<=', 0.4068993676056837], ['>', 0.29458191394991906]], [['<', 0.3624346497319154], ['<', 0.2863881970730041], ['<', 0.1733510013295213], ['<', 0.1564139959431785], ['>', 0.44908772597032875]], [['<=', 0.10740710490309902], ['>=', 0.7898006373873001], ['<', 0.7354789791986821], ['>=', 0.277849188388278], ['>=', 0.8463766696734514]], [['<', 0.11445251580391291], ['<=', 0.5337700832344143], ['>=', 0.6001964335899345], ['<=', 0.35343537775369827], ['<', 0.3751179746771861]], [['<', 0.9492522668650302], ['>', 0.14602590970360907], ['>', 0.7300085132615618], ['<', 0.6117623148644652], ['>=', 0.8242174983754714]], [['>', 0.9669141196175725], ['>', 0.8658025055026877], ['<', 0.4365109000843779], ['>=', 0.7868683936235473], ['>=', 0.4616783118310549]], [['<', 0.14895742098655018], ['<', 0.2830461550459903], ['<=', 0.12217800574453386], ['>', 0.04570361513632837], ['>', 0.16466165677315336]], [['<', 0.8316303495498114], ['<=', 0.7707339779629677], ['<', 0.45033705326357265], ['<=', 0.9729831216397087], ['<', 0.9205186502104429]], [['>', 0.7887456894085955], ['>', 0.3041524018196039], ['>=', 0.9481295051870692], ['<', 0.3862042670404954], ['>=', 0.4135490913963866]], [['<=', 0.9844778163528234], ['<=', 0.6864871007101284], ['>', 0.24711144843121624], ['>=', 0.6307747739841957], ['<', 0.44027209661608313]], [['>', 0.2228880131880493], ['<=', 0.9999787872510644], ['<', 0.4792856514991237], ['>', 0.14140951503845234], ['<', 0.361065316218832]], [['<=', 0.3205026572967161], ['>', 0.08423884305330054], ['<=', 0.023865339068744995], ['<', 0.4595166738482632], ['<=', 0.86218675097597]], [['<=', 0.23563111227227562], ['>=', 0.01026901435460803], ['>', 0.35957523656402424], ['<', 0.2706212079106094], ['>=', 0.5407898294991401]], [['<', 0.4028165894790767], ['<=', 0.766827253960129], ['>', 0.32423953770093117], ['<=', 0.8023383227729349], ['>=', 0.523695755721954]], [['>', 0.7587301192788292], ['>', 0.5753330487477228], ['>', 0.17844300800827295], ['<=', 0.42451136270101797], ['<', 0.29279028235721793]], [['<=', 0.5902378804761287], ['<', 0.30309120170309023], ['>=', 0.42307141474399557], ['>', 0.3828256689958972], ['<', 0.9095033507191628]], [['<', 0.5397764338856211], ['>=', 0.15688355254911635], ['>=', 0.21537150364085356], ['>', 0.5908810014042538], ['>', 0.15735226151297632]], [['>=', 0.031266369313310394], ['>=', 0.02053757776076226], ['>', 0.7956881510077323], ['>', 0.49038305130712767], ['<', 0.5019917355793441]], [['<=', 0.15819993175230185], ['<=', 0.5586441982473385], ['<', 0.4976413743115524], ['>=', 0.9338725262310333], ['<=', 0.31556185086773203]], [['<=', 0.4151922034114508], ['<=', 0.7040807671664894], ['>=', 0.6760525691255644], ['<=', 0.606766954437436], ['>', 0.055227333164534875]], [['>', 0.7795246500806282], ['>=', 0.8203904952975012], ['<=', 0.9073582589812402], ['>', 0.3158284211185407], ['<=', 0.18703357665535358]], [['<=', 0.8974591259835882], ['>=', 0.5995739746757395], ['>=', 0.9396963425364353], ['>=', 0.24968626536069682], ['>=', 0.9648224321822984]], [['<', 0.7065443622925689], ['>', 0.436217609087555], ['<', 0.9523826823900895], ['<=', 0.8943663797673873], ['<', 0.940601946099606]], [['>', 0.7218101204294106], ['<=', 0.5826505323137127], ['<=', 0.8048281962270136], ['<', 0.9251988352742355], ['>=', 0.6190865486049763]], [['>', 0.4742971113177652], ['>=', 0.5964006183957977], ['<', 0.8695870571188871], ['<=', 0.18405453408358452], ['<=', 0.36069645763337466]], [['<=', 0.027435524636667874], ['>', 0.459264838512362], ['<=', 0.883840246267329], ['>', 0.7395890046868017], ['>=', 0.05947966366476953]], [['<=', 0.8948573878565377], ['<', 0.4093019591974586], ['>=', 0.6871516862753281], ['<', 0.9246609635021453], ['<=', 0.821481332896511]], [['>=', 0.6485968143823259], ['>=', 0.9228331020035869], ['>=', 0.46230398513106774], ['>=', 0.0650137658335469], ['<=', 0.13045707853592337]], [['<', 0.3665849144398392], ['>', 0.47883203408464414], ['>', 0.22548691065002024], ['<=', 0.0753825535523539], ['<=', 0.46708672218006286]], [['>=', 0.27552492042369436], ['>', 0.8560537529788288], ['>=', 0.4980749901839333], ['<', 0.950852605880879], ['<=', 0.3308567059423021]], [['>', 0.3565534273063652], ['>', 0.9141732519685822], ['>', 0.30525717379290584], ['>', 0.7962340837361148], ['<', 0.31658547230721024]], [['>', 0.8448280406482861], ['>=', 0.7683330105337774], ['>', 0.05798720859665196], ['<', 0.7848774090560523], ['<=', 0.5076531565056721]], [['<', 0.23257639869655944], ['>', 0.8351983125094434], ['>', 0.2089214708856737], ['>', 0.05616056017460813], ['<', 0.07638074751643031]], [['>', 0.6738069233847834], ['>', 0.4647153531773799], ['<', 0.5195612315135759], ['<', 0.5979686206408038], ['>=', 0.16091707410529066]], [['<', 0.5003078698906649], ['<', 0.6334127581291435], ['<=', 0.9538772597832895], ['>=', 0.12500297765959711], ['<', 0.47474941473152965]], [['>', 0.10262876544418964], ['>=', 0.6582705068687064], ['<=', 0.8533922882814718], ['<=', 0.49250364040376193], ['<=', 0.5004781977768541]], [['>=', 0.9991158014092967], ['<=', 0.8150230185334385], ['>', 0.9370888188103209], ['>=', 0.6107935340360794], ['<', 0.8013120082922097]], [['>=', 0.8544258228522899], ['>', 0.3510597286643118], ['>=', 0.8047633329321255], ['<=', 0.8016749662137844], ['<', 0.2990021182264795]], [['>', 0.9279495877707291], ['>', 0.17268235203535798], ['<=', 0.5959616234300367], ['>', 0.3592552403212963], ['>', 0.49370547815140775]], [['<=', 0.08723000755911758], ['>=', 0.5206732020137904], ['>=', 0.40697313569054416], ['<', 0.5003209934103736], ['>=', 0.6628170194815391]], [['<=', 0.5966522358374616], ['>=', 0.7226295504414567], ['<=', 0.8617396691594988], ['>=', 0.5565470573793866], ['<', 0.2664316075287214]], [['<', 0.8475127145529563], ['>=', 0.3966981577757317], ['<=', 0.39136574324696494], ['>=', 0.15600491524469162], ['>=', 0.41084306162566764]], [['<', 0.1778834132377054], ['>=', 0.5641352505416274], ['>=', 0.14615883722059575], ['<=', 0.8567905120594514], ['<=', 0.8224355313637834]]]
INFO:root:Condi_evo: calculating iteration 0 with population containing 99 unique elements
INFO:root:Condi_evo: evolving_population
DEBUG:root:amount_of_offspring: 66
INFO:root:Condi_evo: cutting_population by 65 elems
DEBUG:root:19
DEBUG:root:12
DEBUG:root:79
DEBUG:root:56
DEBUG:root:66
DEBUG:root:85
DEBUG:root:51
DEBUG:root:83
DEBUG:root:45
DEBUG:root:4
DEBUG:root:0
DEBUG:root:61
DEBUG:root:44
DEBUG:root:54
DEBUG:root:15
DEBUG:root:10
DEBUG:root:16
DEBUG:root:92
DEBUG:root:3
DEBUG:root:43
DEBUG:root:13
DEBUG:root:20
DEBUG:root:76
DEBUG:root:91
DEBUG:root:1
DEBUG:root:2
DEBUG:root:5
DEBUG:root:6
DEBUG:root:7
DEBUG:root:8
DEBUG:root:9
DEBUG:root:11
DEBUG:root:14
DEBUG:root:17
DEBUG:root:18
DEBUG:root:21
DEBUG:root:22
DEBUG:root:23
DEBUG:root:24
DEBUG:root:25
DEBUG:root:26
DEBUG:root:27
DEBUG:root:28
DEBUG:root:29
DEBUG:root:30
DEBUG:root:31
DEBUG:root:32
DEBUG:root:33
DEBUG:root:34
DEBUG:root:35
DEBUG:root:36
DEBUG:root:37
DEBUG:root:38
DEBUG:root:39
DEBUG:root:40
DEBUG:root:41
DEBUG:root:42
DEBUG:root:46
DEBUG:root:47
DEBUG:root:48
DEBUG:root:49
DEBUG:root:50
DEBUG:root:52
DEBUG:root:53
DEBUG:root:55
DEBUG:root:Cut population:
