INFO:root:EVO_CONFIG:
INFO:root:{'POPULATION_SIZE': 99, 'DROP_RATIO': 0.666666666, 'MUTATION_RATE': 0.1, 'NO_OF_MAPS': 1, 'NO_OF_ITERATIONS': 80, 'POOL_SIZE': 8}
INFO:root:[[1], [1, 1, 1, 1, 1, 1, 1, 1], [1, 1, 1, 1, 1, 1, 1, 1, 1, 1, 1, 1, 1, 1, 1, 1], [1, 1, 1, 1, 1, 1, 1, 1, 1, 1, 1, 1, 1, 1, 1, 1, 1, 1, 1, 1, 1, 1, 1, 1], [1, 1, 1, 1, 1, 1, 1, 1, 1, 1, 1, 1, 1, 1, 1, 1, 1, 1, 1, 1, 1, 1, 1, 1, 1, 1, 1, 1, 1, 1, 1, 1]]
INFO:root:Condi_evo: initiating_population
INFO:root:Condi_evo: calculating population:
INFO:root:[[['>', 0.28275600302496484], ['>=', 0.17859203104196308], ['>=', 0.6436245607959247], ['<', 0.8812085579266206], ['>', 0.7860787496437138]], [['<', 0.04306268683620018], ['>', 0.8858859320056723], ['>', 0.3825081171360566], ['>=', 0.64252577672989], ['<', 0.7837118593343472]], [['>=', 0.09118898041942458], ['<', 0.4283568053052713], ['>=', 0.6808887474778264], ['>', 0.03320493611057174], ['<=', 0.6675757424949742]], [['<=', 0.04968995433152823], ['>', 0.3804154531495775], ['<=', 0.32917444047764044], ['<', 0.8288037254889372], ['>', 0.5287017179020915]], [['<', 0.22754406352700873], ['>', 0.18631999182252457], ['>=', 0.022092049604417685], ['<', 0.012567875832387276], ['>=', 0.7964205671353993]], [['>', 0.3444080068296953], ['>', 0.36354197068734484], ['>=', 0.8498161495552252], ['>=', 0.06858642571762297], ['>=', 0.5869899003587676]], [['<', 0.04830260964458366], ['<', 0.24643967605097128], ['<=', 0.7191401302100516], ['>', 0.37224917021788595], ['<', 0.9108910350640608]], [['>', 0.23195847579587647], ['>=', 0.6028893187801463], ['<', 0.05665546595291304], ['<', 0.4147986637570753], ['<', 0.9814857245988858]], [['<=', 0.2716053425036513], ['>=', 0.004670680611683742], ['<=', 0.518315782522869], ['>', 0.7114454152339544], ['<', 0.8249585808224537]], [['>', 0.0459257498639738], ['>', 0.9787779997068773], ['>=', 0.0022652351983881713], ['<=', 0.8337848485109353], ['>', 0.8960930575354519]], [['<=', 0.16801043227872758], ['>', 0.2645364195935137], ['<=', 0.2143200198548082], ['>', 0.7645102325956551], ['>', 0.9929434651364527]], [['>', 0.9605799219193089], ['>=', 0.09955335946571797], ['<', 0.042067084669443755], ['>', 0.018738755217677427], ['>=', 0.44347092132704935]], [['<=', 0.5013041147649169], ['>=', 0.5901438903381351], ['<=', 0.14761971649430383], ['>', 0.9510099730608543], ['>=', 0.7657074971373223]], [['<', 0.3734318678704185], ['<', 0.06504846693146671], ['<', 0.4164460542649385], ['>=', 0.8300699474945936], ['<', 0.3013454412122364]], [['>', 0.7260417173819493], ['<', 0.1997251798252333], ['<=', 0.9749156922428512], ['<=', 0.44376826352300136], ['>', 0.6557383840581412]], [['>=', 0.06135632247659406], ['>', 0.7740070642827275], ['<=', 0.6502262246851034], ['>', 0.7048443230334581], ['<', 0.3353416851323172]], [['>=', 0.17902708079374285], ['<=', 0.32244804412178785], ['>=', 0.6170098061696799], ['>', 0.9643196457796149], ['>=', 0.9024237883763591]], [['<=', 0.6951480452891083], ['>=', 0.24588216783264705], ['<', 0.946961076381908], ['>=', 0.9851134629715802], ['>', 0.7255121690144525]], [['>', 0.13281988279804047], ['>', 0.3346879903426435], ['<', 0.38169298826952736], ['>', 0.8684268188869657], ['>', 0.26562947592804353]], [['>=', 0.06225614251202649], ['<', 0.9013707327353825], ['>=', 0.9473193455302417], ['>=', 0.25532719294360795], ['<', 0.13076381423393535]], [['<=', 0.08270999162230974], ['>=', 0.876105401924282], ['<', 0.7113493265880916], ['>', 0.5010753622872751], ['>', 0.8360782263019988]], [['>=', 0.6836390042019583], ['>=', 0.964786411430881], ['>=', 0.4889586497160435], ['<', 0.003711741005808622], ['<=', 0.13556539262539968]], [['<', 0.8704552191993623], ['<=', 0.8408371951864226], ['<', 0.8511936206347447], ['<=', 0.5267424417663897], ['>=', 0.22108186602713487]], [['<=', 0.3467114895167501], ['<', 0.7876001366289132], ['>=', 0.36905640688223673], ['<=', 0.9981115678781779], ['>', 0.5468583972844846]], [['<=', 0.7684881436855352], ['<', 0.6297110761621618], ['>=', 0.8978666310129984], ['>', 0.7134826323774567], ['>', 0.11016930719104989]], [['>=', 0.2747522912291416], ['>', 0.1803923515511041], ['<=', 0.6497920479241309], ['<=', 0.33629345342117967], ['<=', 0.7679151393569812]], [['<', 0.9503019315073543], ['<=', 0.1386008345499905], ['<', 0.10169003794500386], ['>', 0.584304420162922], ['<', 0.2052720474164198]], [['<=', 0.30468869260059406], ['>=', 0.8410093250726367], ['>=', 0.8740507001709245], ['<=', 0.9142064960948916], ['>', 0.8191524931914886]], [['>=', 0.43025210836349714], ['>=', 0.3612486348203555], ['<', 0.5559331500207056], ['<=', 0.7325968152239059], ['>', 0.3066251337878292]], [['<', 0.37911476447879777], ['<=', 0.4736268552076095], ['<', 0.21411428947295108], ['<', 0.26831899097168177], ['<=', 0.020390022260275864]], [['<=', 0.7252909744116488], ['>=', 0.12376291851367771], ['<', 0.8314374189838335], ['>', 0.9182155608476589], ['<=', 0.40353478485944083]], [['>', 0.627552686881713], ['<', 0.49092935519883774], ['>=', 0.4159833554142651], ['>', 0.45071559416197493], ['>=', 0.08218116345232718]], [['>=', 0.7045234180965173], ['>=', 0.06271537920393155], ['>', 0.8477508625669684], ['>', 0.23183365349951823], ['<=', 0.24043288147578024]], [['>', 0.17714055677582796], ['<', 0.20277964462500297], ['>', 0.5801043521061832], ['>', 0.8095877160610104], ['>', 0.838368810984898]], [['<=', 0.46721490826420686], ['>', 0.6858638656503548], ['<=', 0.996600980282025], ['<=', 0.01955532467712051], ['>', 0.9902548061481491]], [['<', 0.4392069442231227], ['<', 0.19589873913610045], ['>', 0.5350716935181838], ['>', 0.8568510331537382], ['>=', 0.45753505262439764]], [['>=', 0.9850553249904039], ['<=', 0.18738469808072544], ['>=', 0.4638160952101922], ['>', 0.06037732256530426], ['<=', 0.41650498258972646]], [['>', 0.9915635333949385], ['<=', 0.23603425588420457], ['<', 0.6124226481885614], ['>=', 0.9773412966796422], ['<=', 0.5650761223390325]], [['<=', 0.08212420343527271], ['<', 0.2009559278409253], ['<=', 0.37121307331024167], ['<=', 0.3051281908511084], ['<', 0.7645138953796127]], [['<', 0.17953515809931797], ['<=', 0.8311658611092738], ['<=', 0.6205839191072714], ['>', 0.9050974572372064], ['<', 0.8116776035118761]], [['>', 0.09869058365209538], ['>=', 0.10150870833491676], ['<=', 0.03911098194801299], ['>=', 0.013307690420454543], ['>=', 0.14516831276051312]], [['>', 0.4774850224988514], ['<', 0.7195501054356085], ['<=', 0.2910495816239449], ['>', 0.286405983051769], ['<', 0.16459228619620403]], [['<', 0.3247646306155728], ['<=', 0.009266721785059162], ['>', 0.0848032826313132], ['<', 0.0034314890594915326], ['<', 0.7927449565053464]], [['<=', 0.8319355755141713], ['>', 0.4593986851110773], ['<', 0.8442130701345916], ['>=', 0.8481540143708916], ['>', 0.25909577035568787]], [['<', 0.8210312043108862], ['<', 0.0024425593401479206], ['>', 0.7728571624533503], ['<=', 0.13284334671229603], ['<', 0.23777813215900723]], [['>', 0.9354170217571697], ['>=', 0.6638100840702915], ['>', 0.13590119172376902], ['<=', 0.7577238376668651], ['>=', 0.2882184603858071]], [['>', 0.8594675997955635], ['<', 0.1374821855324465], ['>=', 0.23627663691046963], ['<', 0.8699829362560424], ['<=', 0.9792463015441266]], [['<', 0.9327945361220005], ['>', 0.6510659649486694], ['>=', 0.6128960014784421], ['>=', 0.10618887280890021], ['<', 0.08966262064239616]], [['>', 0.5476516296951193], ['<', 0.7872566081656834], ['<=', 0.7375521733781214], ['<=', 0.6625870122285028], ['>', 0.7569828287211843]], [['<=', 0.9090550432829139], ['>', 0.7341092857742966], ['>', 0.1758863910278171], ['>', 0.21659757378178435], ['>=', 0.23461123947935936]], [['<', 0.2817898790606437], ['<', 0.952529850366376], ['<=', 0.9064063107900788], ['>', 0.21725967950307568], ['>', 0.5266904486007168]], [['>', 0.29132978628751427], ['<', 0.4829526830020733], ['<', 0.6946047946669769], ['>', 0.24201493831599574], ['>', 0.2585995177884648]], [['<=', 0.863693955910654], ['<=', 0.8393880615985865], ['<=', 0.16401487357643307], ['<=', 0.0986353924110559], ['>', 0.903107931160302]], [['<', 0.8752267129958319], ['<', 0.7852560967164687], ['>', 0.09519705898273034], ['<=', 0.6921887774652494], ['<', 0.6793127818596856]], [['>', 0.25354490283315156], ['>=', 0.7867570035927755], ['>', 0.024201146724880718], ['>=', 0.24753412761070304], ['<=', 0.22362558282952072]], [['>', 0.4407394566764339], ['>=', 0.44865217171600225], ['>', 0.281498399963954], ['>', 0.329293439496661], ['>=', 0.5572975114224621]], [['<', 0.19971347420580432], ['<', 0.0801303793396344], ['<', 0.7625851938534514], ['<', 0.6903835110236903], ['>=', 0.15647503544740937]], [['<', 0.5844534004241314], ['>=', 0.14003903475009116], ['>=', 0.9585181102824404], ['>=', 0.2478292806893616], ['>', 0.23378597298543968]], [['>', 0.6574510085095875], ['>=', 0.11791204299144287], ['<', 0.922432300998098], ['>', 0.39697776861879075], ['>', 0.5254354704990575]], [['<', 0.640793388369928], ['<', 0.20585598736073107], ['<=', 0.7526550875307109], ['>', 0.6016975694556218], ['<=', 0.24654831131412147]], [['>', 0.4648447870854274], ['<=', 0.7869356433102337], ['>', 0.5220414994526951], ['<', 0.2773743116929309], ['<', 0.4507461351143881]], [['<', 0.7414452498953887], ['<', 0.28002720710034235], ['>=', 0.3891884668443286], ['<', 0.8878496949640425], ['<', 0.03623896306298824]], [['>=', 0.3364899340384172], ['<', 0.9258234665147307], ['>=', 0.32966249921196833], ['>', 0.6950461588361873], ['<', 0.6758684562449645]], [['<=', 0.20027812641766152], ['>=', 0.4568097798979922], ['<=', 0.8959012653837344], ['<=', 0.14318665964472055], ['>', 0.6709617495154898]], [['>=', 0.8808822565912199], ['<=', 0.5059998593515116], ['<', 0.7583353563247724], ['>', 0.5590795413984634], ['>=', 0.15051039999351823]], [['>', 0.22161435368851257], ['>=', 0.060925227118033165], ['>=', 0.4541152884228936], ['>', 0.8170651192096942], ['<=', 0.0735115445371286]], [['<', 0.015462595929960576], ['>', 0.8044955218725538], ['<', 0.18775019506600554], ['>=', 0.5495617117027882], ['<', 0.9916322961190596]], [['<=', 0.9322157957558471], ['<=', 0.7225130065797802], ['<=', 0.06643710425754268], ['<', 0.7250926303093915], ['<', 0.4229488650568147]], [['>=', 0.08477935888488763], ['>', 0.619678508376194], ['<', 0.9451337804556655], ['<', 0.6585481978563968], ['>', 0.08071678956938066]], [['>=', 0.9319788379986148], ['>=', 0.8490548190314412], ['>', 0.3793429311100318], ['<=', 0.6915621848330679], ['<=', 0.5665928995146442]], [['>', 0.4481398464766143], ['<', 0.7648965098713858], ['>', 0.1653367203950008], ['<=', 0.4230298823172266], ['>', 0.23600391840342272]], [['>', 0.4515141837458001], ['>', 0.6092733676053521], ['<', 0.8896751099215107], ['>=', 0.3679358904977601], ['>=', 0.3935264231403828]], [['<=', 0.931582490414242], ['>=', 0.7040792664259137], ['<=', 0.9416462735369843], ['<', 0.9305565161007713], ['<=', 0.9006451224679333]], [['<=', 0.7867866851399978], ['<', 0.33452035851472117], ['>', 0.929595380360963], ['>', 0.07413687109851108], ['>=', 0.42365986451502224]], [['>=', 0.6629544779185401], ['<=', 0.7814966574045266], ['>=', 0.45162718460111684], ['>=', 0.4916106529776696], ['<', 0.1262417349917203]], [['<', 0.6586346751340295], ['<', 0.6092222263988907], ['>', 0.6242804584261449], ['>=', 0.30961273005287115], ['>=', 0.16657362127647757]], [['<', 0.6968655977492056], ['<', 0.4059239150630449], ['>=', 0.18549212437804063], ['>=', 0.5123509286271275], ['>', 0.22708284161701298]], [['<', 0.9774824076739274], ['<=', 0.31236392767803467], ['<=', 0.6818061189085297], ['<=', 0.920843097470019], ['<', 0.7485727719706482]], [['>', 0.6312859854765392], ['>=', 0.4378618582541126], ['<=', 0.3700362454642032], ['<', 0.31825249904645325], ['<', 0.2886817896429288]], [['>=', 0.2753185419565187], ['<=', 0.5566639799391405], ['<=', 0.8241277543288698], ['>=', 0.8348985618306428], ['<=', 0.4556139552723141]], [['<=', 0.3748481508650561], ['>=', 0.39416851020719657], ['<=', 0.3647596503876336], ['>', 0.6755548661195726], ['>', 0.2030530096098887]], [['>', 0.6357515070745339], ['<=', 0.5664322995108916], ['<=', 0.6682598889089888], ['<', 0.3933724314860393], ['>', 0.3200828284309035]], [['<', 0.8736543927844733], ['<', 0.5791640055473912], ['>', 0.2494177839224977], ['<=', 0.34397060068156016], ['>=', 0.47499513337075905]], [['<', 0.3788224114573263], ['>=', 0.21248264604762246], ['<', 0.7389865858819612], ['<', 0.8564330455985488], ['>=', 0.4762989918438928]], [['<=', 0.7095081428511628], ['<', 0.14683306071626268], ['>', 0.2187364199562961], ['<', 0.09361158611878428], ['<=', 0.3900254563555401]], [['>=', 0.9371617706178815], ['<=', 0.18388673488831497], ['<', 0.11974394297329904], ['>', 0.3577789317612856], ['<', 0.638772244284635]], [['<', 0.2818801097095368], ['<', 0.865403667124032], ['>', 0.7969750339951646], ['>', 0.13968830352239892], ['>', 0.9803554378984586]], [['>', 0.10576207016675421], ['<', 0.9936581328984223], ['>=', 0.7501693217127704], ['<', 0.9747739919697695], ['<=', 0.8215954505157365]], [['<', 0.902304149734773], ['<=', 0.6484058264886461], ['<=', 0.21794634247994948], ['>', 0.20571881327470398], ['>', 0.7649820497078967]], [['<', 0.0801341187488892], ['<=', 0.8329902324737832], ['<', 0.33997168340769235], ['>', 0.32035341544262075], ['<=', 0.4539061504156052]], [['>', 0.9406289004389451], ['>', 0.6135799754144186], ['<', 0.4137258141282797], ['>', 0.9335947967498112], ['<=', 0.7042116664570224]], [['<=', 0.48871121425539565], ['<=', 0.7516721283898504], ['<=', 0.3939755593024521], ['>', 0.8905567980191559], ['>', 0.9281190103195467]], [['<=', 0.26788087411529804], ['<', 0.946846056667805], ['>', 0.06925755142862533], ['>=', 0.5994115235246386], ['>=', 0.9673054958995836]], [['>=', 0.9238786924184529], ['<=', 0.8590515439208848], ['>=', 0.2999908556238673], ['>=', 0.34642332001135245], ['>', 0.2535497142832922]], [['<', 0.5244640616528882], ['<=', 0.43216577757265373], ['>', 0.7338229736337046], ['<', 0.6783324739254899], ['>=', 0.8660945601364252]], [['>', 0.9880830744703524], ['>', 0.6868552426814538], ['<=', 0.14030731859268664], ['<=', 0.37944518560960483], ['>', 0.410660077033731]], [['>=', 0.6240030549859871], ['<=', 0.10357532821296589], ['<=', 0.6624901908213293], ['>=', 0.8629495070303966], ['<=', 0.15543741951819146]], [['<=', 0.9411691371029471], ['<', 0.08132460132340602], ['<=', 0.8618021914651589], ['>=', 0.7720415131311001], ['>=', 0.500642761566702]], [['<', 0.2978848415282447], ['<', 0.5785999903858781], ['<', 0.6930718970118448], ['<', 0.9114956481308131], ['>=', 0.617999590077326]]]
INFO:root:Condi_evo: calculating iteration 0 with population containing 99 unique elements
INFO:root:Condi_evo: evolving_population
INFO:root:([15802469145, 1576], [['>=', 0.09118898041942458], ['<', 0.4283568053052713], ['>=', 0.6808887474778264], ['>', 0.03320493611057174], ['<=', 0.6675757424949742]])
INFO:root:([15802469145, 1871], [['>=', 0.17902708079374285], ['<=', 0.32244804412178785], ['>=', 0.6170098061696799], ['>', 0.9643196457796149], ['>=', 0.9024237883763591]])
INFO:root:([15802469145, 2257], [['>', 0.9880830744703524], ['>', 0.6868552426814538], ['<=', 0.14030731859268664], ['<=', 0.37944518560960483], ['>', 0.410660077033731]])
INFO:root:([15802469145, 4100], [['>', 0.7260417173819493], ['<', 0.1997251798252333], ['<=', 0.9749156922428512], ['<=', 0.44376826352300136], ['>', 0.6557383840581412]])
INFO:root:([15802469145, 4110], [['>', 0.23195847579587647], ['>=', 0.6028893187801463], ['<', 0.05665546595291304], ['<', 0.4147986637570753], ['<', 0.9814857245988858]])
INFO:root:([15802469145, 4258], [['>=', 0.2753185419565187], ['<=', 0.5566639799391405], ['<=', 0.8241277543288698], ['>=', 0.8348985618306428], ['<=', 0.4556139552723141]])
INFO:root:([15802469145, 4482], [['>=', 0.8808822565912199], ['<=', 0.5059998593515116], ['<', 0.7583353563247724], ['>', 0.5590795413984634], ['>=', 0.15051039999351823]])
INFO:root:([15802469145, 4606], [['>', 0.5476516296951193], ['<', 0.7872566081656834], ['<=', 0.7375521733781214], ['<=', 0.6625870122285028], ['>', 0.7569828287211843]])
INFO:root:([15802469145, 4764], [['>', 0.29132978628751427], ['<', 0.4829526830020733], ['<', 0.6946047946669769], ['>', 0.24201493831599574], ['>', 0.2585995177884648]])
INFO:root:([15802469145, 5027], [['>', 0.6357515070745339], ['<=', 0.5664322995108916], ['<=', 0.6682598889089888], ['<', 0.3933724314860393], ['>', 0.3200828284309035]])
INFO:root:([15802469145, 5028], [['>=', 0.6240030549859871], ['<=', 0.10357532821296589], ['<=', 0.6624901908213293], ['>=', 0.8629495070303966], ['<=', 0.15543741951819146]])
INFO:root:([15802469145, 5108], [['>', 0.4774850224988514], ['<', 0.7195501054356085], ['<=', 0.2910495816239449], ['>', 0.286405983051769], ['<', 0.16459228619620403]])
INFO:root:([15802469145, 5139], [['>', 0.9915635333949385], ['<=', 0.23603425588420457], ['<', 0.6124226481885614], ['>=', 0.9773412966796422], ['<=', 0.5650761223390325]])
INFO:root:([15802469145, 5141], [['>=', 0.6836390042019583], ['>=', 0.964786411430881], ['>=', 0.4889586497160435], ['<', 0.003711741005808622], ['<=', 0.13556539262539968]])
INFO:root:([15802469150, 1781], [['>', 0.17714055677582796], ['<', 0.20277964462500297], ['>', 0.5801043521061832], ['>', 0.8095877160610104], ['>', 0.838368810984898]])
INFO:root:([15802469160, 3612], [['>=', 0.9850553249904039], ['<=', 0.18738469808072544], ['>=', 0.4638160952101922], ['>', 0.06037732256530426], ['<=', 0.41650498258972646]])
INFO:root:([15802469171, 3190], [['>=', 0.06225614251202649], ['<', 0.9013707327353825], ['>=', 0.9473193455302417], ['>=', 0.25532719294360795], ['<', 0.13076381423393535]])
INFO:root:([15802469173, 3248], [['>', 0.9406289004389451], ['>', 0.6135799754144186], ['<', 0.4137258141282797], ['>', 0.9335947967498112], ['<=', 0.7042116664570224]])
INFO:root:([15802469178, 2966], [['>=', 0.06135632247659406], ['>', 0.7740070642827275], ['<=', 0.6502262246851034], ['>', 0.7048443230334581], ['<', 0.3353416851323172]])
INFO:root:([15802469208, 4762], [['>', 0.10576207016675421], ['<', 0.9936581328984223], ['>=', 0.7501693217127704], ['<', 0.9747739919697695], ['<=', 0.8215954505157365]])
INFO:root:([15802469220, 4631], [['>=', 0.9371617706178815], ['<=', 0.18388673488831497], ['<', 0.11974394297329904], ['>', 0.3577789317612856], ['<', 0.638772244284635]])
INFO:root:([17777777790, 5066], [['>=', 0.9319788379986148], ['>=', 0.8490548190314412], ['>', 0.3793429311100318], ['<=', 0.6915621848330679], ['<=', 0.5665928995146442]])
INFO:root:([21728395065, 5486], [['>', 0.4648447870854274], ['<=', 0.7869356433102337], ['>', 0.5220414994526951], ['<', 0.2773743116929309], ['<', 0.4507461351143881]])
INFO:root:([23703703705, 5487], [['>', 0.6312859854765392], ['>=', 0.4378618582541126], ['<=', 0.3700362454642032], ['<', 0.31825249904645325], ['<', 0.2886817896429288]])
INFO:root:([23703703705, 5489], [['>=', 0.6629544779185401], ['<=', 0.7814966574045266], ['>=', 0.45162718460111684], ['>=', 0.4916106529776696], ['<', 0.1262417349917203]])
INFO:root:([24691358025, 5490], [['>', 0.28275600302496484], ['>=', 0.17859203104196308], ['>=', 0.6436245607959247], ['<', 0.8812085579266206], ['>', 0.7860787496437138]])
INFO:root:([24691358025, 5490], [['<', 0.04306268683620018], ['>', 0.8858859320056723], ['>', 0.3825081171360566], ['>=', 0.64252577672989], ['<', 0.7837118593343472]])
INFO:root:([24691358025, 5490], [['<=', 0.04968995433152823], ['>', 0.3804154531495775], ['<=', 0.32917444047764044], ['<', 0.8288037254889372], ['>', 0.5287017179020915]])
INFO:root:([24691358025, 5490], [['<', 0.22754406352700873], ['>', 0.18631999182252457], ['>=', 0.022092049604417685], ['<', 0.012567875832387276], ['>=', 0.7964205671353993]])
INFO:root:([24691358025, 5490], [['>', 0.3444080068296953], ['>', 0.36354197068734484], ['>=', 0.8498161495552252], ['>=', 0.06858642571762297], ['>=', 0.5869899003587676]])
INFO:root:([24691358025, 5490], [['<', 0.04830260964458366], ['<', 0.24643967605097128], ['<=', 0.7191401302100516], ['>', 0.37224917021788595], ['<', 0.9108910350640608]])
INFO:root:([24691358025, 5490], [['<=', 0.2716053425036513], ['>=', 0.004670680611683742], ['<=', 0.518315782522869], ['>', 0.7114454152339544], ['<', 0.8249585808224537]])
INFO:root:([24691358025, 5490], [['>', 0.0459257498639738], ['>', 0.9787779997068773], ['>=', 0.0022652351983881713], ['<=', 0.8337848485109353], ['>', 0.8960930575354519]])
INFO:root:([24691358025, 5490], [['<=', 0.16801043227872758], ['>', 0.2645364195935137], ['<=', 0.2143200198548082], ['>', 0.7645102325956551], ['>', 0.9929434651364527]])
INFO:root:([24691358025, 5490], [['>', 0.9605799219193089], ['>=', 0.09955335946571797], ['<', 0.042067084669443755], ['>', 0.018738755217677427], ['>=', 0.44347092132704935]])
INFO:root:([24691358025, 5490], [['<=', 0.5013041147649169], ['>=', 0.5901438903381351], ['<=', 0.14761971649430383], ['>', 0.9510099730608543], ['>=', 0.7657074971373223]])
INFO:root:([24691358025, 5490], [['<', 0.3734318678704185], ['<', 0.06504846693146671], ['<', 0.4164460542649385], ['>=', 0.8300699474945936], ['<', 0.3013454412122364]])
INFO:root:([24691358025, 5490], [['<=', 0.6951480452891083], ['>=', 0.24588216783264705], ['<', 0.946961076381908], ['>=', 0.9851134629715802], ['>', 0.7255121690144525]])
INFO:root:([24691358025, 5490], [['>', 0.13281988279804047], ['>', 0.3346879903426435], ['<', 0.38169298826952736], ['>', 0.8684268188869657], ['>', 0.26562947592804353]])
INFO:root:([24691358025, 5490], [['<=', 0.08270999162230974], ['>=', 0.876105401924282], ['<', 0.7113493265880916], ['>', 0.5010753622872751], ['>', 0.8360782263019988]])
INFO:root:([24691358025, 5490], [['<', 0.8704552191993623], ['<=', 0.8408371951864226], ['<', 0.8511936206347447], ['<=', 0.5267424417663897], ['>=', 0.22108186602713487]])
INFO:root:([24691358025, 5490], [['<=', 0.3467114895167501], ['<', 0.7876001366289132], ['>=', 0.36905640688223673], ['<=', 0.9981115678781779], ['>', 0.5468583972844846]])
INFO:root:([24691358025, 5490], [['<=', 0.7684881436855352], ['<', 0.6297110761621618], ['>=', 0.8978666310129984], ['>', 0.7134826323774567], ['>', 0.11016930719104989]])
INFO:root:([24691358025, 5490], [['>=', 0.2747522912291416], ['>', 0.1803923515511041], ['<=', 0.6497920479241309], ['<=', 0.33629345342117967], ['<=', 0.7679151393569812]])
INFO:root:([24691358025, 5490], [['<', 0.9503019315073543], ['<=', 0.1386008345499905], ['<', 0.10169003794500386], ['>', 0.584304420162922], ['<', 0.2052720474164198]])
INFO:root:([24691358025, 5490], [['<=', 0.30468869260059406], ['>=', 0.8410093250726367], ['>=', 0.8740507001709245], ['<=', 0.9142064960948916], ['>', 0.8191524931914886]])
INFO:root:([24691358025, 5490], [['>=', 0.43025210836349714], ['>=', 0.3612486348203555], ['<', 0.5559331500207056], ['<=', 0.7325968152239059], ['>', 0.3066251337878292]])
INFO:root:([24691358025, 5490], [['<', 0.37911476447879777], ['<=', 0.4736268552076095], ['<', 0.21411428947295108], ['<', 0.26831899097168177], ['<=', 0.020390022260275864]])
INFO:root:([24691358025, 5490], [['<=', 0.7252909744116488], ['>=', 0.12376291851367771], ['<', 0.8314374189838335], ['>', 0.9182155608476589], ['<=', 0.40353478485944083]])
INFO:root:([24691358025, 5490], [['>', 0.627552686881713], ['<', 0.49092935519883774], ['>=', 0.4159833554142651], ['>', 0.45071559416197493], ['>=', 0.08218116345232718]])
INFO:root:([24691358025, 5490], [['>=', 0.7045234180965173], ['>=', 0.06271537920393155], ['>', 0.8477508625669684], ['>', 0.23183365349951823], ['<=', 0.24043288147578024]])
INFO:root:([24691358025, 5490], [['<=', 0.46721490826420686], ['>', 0.6858638656503548], ['<=', 0.996600980282025], ['<=', 0.01955532467712051], ['>', 0.9902548061481491]])
INFO:root:([24691358025, 5490], [['<', 0.4392069442231227], ['<', 0.19589873913610045], ['>', 0.5350716935181838], ['>', 0.8568510331537382], ['>=', 0.45753505262439764]])
INFO:root:([24691358025, 5490], [['<=', 0.08212420343527271], ['<', 0.2009559278409253], ['<=', 0.37121307331024167], ['<=', 0.3051281908511084], ['<', 0.7645138953796127]])
INFO:root:([24691358025, 5490], [['<', 0.17953515809931797], ['<=', 0.8311658611092738], ['<=', 0.6205839191072714], ['>', 0.9050974572372064], ['<', 0.8116776035118761]])
INFO:root:([24691358025, 5490], [['>', 0.09869058365209538], ['>=', 0.10150870833491676], ['<=', 0.03911098194801299], ['>=', 0.013307690420454543], ['>=', 0.14516831276051312]])
INFO:root:([24691358025, 5490], [['<', 0.3247646306155728], ['<=', 0.009266721785059162], ['>', 0.0848032826313132], ['<', 0.0034314890594915326], ['<', 0.7927449565053464]])
INFO:root:([24691358025, 5490], [['<=', 0.8319355755141713], ['>', 0.4593986851110773], ['<', 0.8442130701345916], ['>=', 0.8481540143708916], ['>', 0.25909577035568787]])
INFO:root:([24691358025, 5490], [['<', 0.8210312043108862], ['<', 0.0024425593401479206], ['>', 0.7728571624533503], ['<=', 0.13284334671229603], ['<', 0.23777813215900723]])
INFO:root:([24691358025, 5490], [['>', 0.9354170217571697], ['>=', 0.6638100840702915], ['>', 0.13590119172376902], ['<=', 0.7577238376668651], ['>=', 0.2882184603858071]])
INFO:root:([24691358025, 5490], [['>', 0.8594675997955635], ['<', 0.1374821855324465], ['>=', 0.23627663691046963], ['<', 0.8699829362560424], ['<=', 0.9792463015441266]])
INFO:root:([24691358025, 5490], [['<', 0.9327945361220005], ['>', 0.6510659649486694], ['>=', 0.6128960014784421], ['>=', 0.10618887280890021], ['<', 0.08966262064239616]])
INFO:root:([24691358025, 5490], [['<=', 0.9090550432829139], ['>', 0.7341092857742966], ['>', 0.1758863910278171], ['>', 0.21659757378178435], ['>=', 0.23461123947935936]])
INFO:root:([24691358025, 5490], [['<', 0.2817898790606437], ['<', 0.952529850366376], ['<=', 0.9064063107900788], ['>', 0.21725967950307568], ['>', 0.5266904486007168]])
INFO:root:([24691358025, 5490], [['<=', 0.863693955910654], ['<=', 0.8393880615985865], ['<=', 0.16401487357643307], ['<=', 0.0986353924110559], ['>', 0.903107931160302]])
INFO:root:([24691358025, 5490], [['<', 0.8752267129958319], ['<', 0.7852560967164687], ['>', 0.09519705898273034], ['<=', 0.6921887774652494], ['<', 0.6793127818596856]])
INFO:root:([24691358025, 5490], [['>', 0.25354490283315156], ['>=', 0.7867570035927755], ['>', 0.024201146724880718], ['>=', 0.24753412761070304], ['<=', 0.22362558282952072]])
INFO:root:([24691358025, 5490], [['>', 0.4407394566764339], ['>=', 0.44865217171600225], ['>', 0.281498399963954], ['>', 0.329293439496661], ['>=', 0.5572975114224621]])
INFO:root:([24691358025, 5490], [['<', 0.19971347420580432], ['<', 0.0801303793396344], ['<', 0.7625851938534514], ['<', 0.6903835110236903], ['>=', 0.15647503544740937]])
INFO:root:([24691358025, 5490], [['<', 0.5844534004241314], ['>=', 0.14003903475009116], ['>=', 0.9585181102824404], ['>=', 0.2478292806893616], ['>', 0.23378597298543968]])
INFO:root:([24691358025, 5490], [['>', 0.6574510085095875], ['>=', 0.11791204299144287], ['<', 0.922432300998098], ['>', 0.39697776861879075], ['>', 0.5254354704990575]])
INFO:root:([24691358025, 5490], [['<', 0.640793388369928], ['<', 0.20585598736073107], ['<=', 0.7526550875307109], ['>', 0.6016975694556218], ['<=', 0.24654831131412147]])
INFO:root:([24691358025, 5490], [['<', 0.7414452498953887], ['<', 0.28002720710034235], ['>=', 0.3891884668443286], ['<', 0.8878496949640425], ['<', 0.03623896306298824]])
INFO:root:([24691358025, 5490], [['>=', 0.3364899340384172], ['<', 0.9258234665147307], ['>=', 0.32966249921196833], ['>', 0.6950461588361873], ['<', 0.6758684562449645]])
INFO:root:([24691358025, 5490], [['<=', 0.20027812641766152], ['>=', 0.4568097798979922], ['<=', 0.8959012653837344], ['<=', 0.14318665964472055], ['>', 0.6709617495154898]])
INFO:root:([24691358025, 5490], [['>', 0.22161435368851257], ['>=', 0.060925227118033165], ['>=', 0.4541152884228936], ['>', 0.8170651192096942], ['<=', 0.0735115445371286]])
INFO:root:([24691358025, 5490], [['<', 0.015462595929960576], ['>', 0.8044955218725538], ['<', 0.18775019506600554], ['>=', 0.5495617117027882], ['<', 0.9916322961190596]])
INFO:root:([24691358025, 5490], [['<=', 0.9322157957558471], ['<=', 0.7225130065797802], ['<=', 0.06643710425754268], ['<', 0.7250926303093915], ['<', 0.4229488650568147]])
INFO:root:([24691358025, 5490], [['>=', 0.08477935888488763], ['>', 0.619678508376194], ['<', 0.9451337804556655], ['<', 0.6585481978563968], ['>', 0.08071678956938066]])
INFO:root:([24691358025, 5490], [['>', 0.4481398464766143], ['<', 0.7648965098713858], ['>', 0.1653367203950008], ['<=', 0.4230298823172266], ['>', 0.23600391840342272]])
INFO:root:([24691358025, 5490], [['>', 0.4515141837458001], ['>', 0.6092733676053521], ['<', 0.8896751099215107], ['>=', 0.3679358904977601], ['>=', 0.3935264231403828]])
INFO:root:([24691358025, 5490], [['<=', 0.931582490414242], ['>=', 0.7040792664259137], ['<=', 0.9416462735369843], ['<', 0.9305565161007713], ['<=', 0.9006451224679333]])
INFO:root:([24691358025, 5490], [['<=', 0.7867866851399978], ['<', 0.33452035851472117], ['>', 0.929595380360963], ['>', 0.07413687109851108], ['>=', 0.42365986451502224]])
INFO:root:([24691358025, 5490], [['<', 0.6586346751340295], ['<', 0.6092222263988907], ['>', 0.6242804584261449], ['>=', 0.30961273005287115], ['>=', 0.16657362127647757]])
INFO:root:([24691358025, 5490], [['<', 0.6968655977492056], ['<', 0.4059239150630449], ['>=', 0.18549212437804063], ['>=', 0.5123509286271275], ['>', 0.22708284161701298]])
INFO:root:([24691358025, 5490], [['<', 0.9774824076739274], ['<=', 0.31236392767803467], ['<=', 0.6818061189085297], ['<=', 0.920843097470019], ['<', 0.7485727719706482]])
INFO:root:([24691358025, 5490], [['<=', 0.3748481508650561], ['>=', 0.39416851020719657], ['<=', 0.3647596503876336], ['>', 0.6755548661195726], ['>', 0.2030530096098887]])
INFO:root:([24691358025, 5490], [['<', 0.8736543927844733], ['<', 0.5791640055473912], ['>', 0.2494177839224977], ['<=', 0.34397060068156016], ['>=', 0.47499513337075905]])
INFO:root:([24691358025, 5490], [['<', 0.3788224114573263], ['>=', 0.21248264604762246], ['<', 0.7389865858819612], ['<', 0.8564330455985488], ['>=', 0.4762989918438928]])
INFO:root:([24691358025, 5490], [['<=', 0.7095081428511628], ['<', 0.14683306071626268], ['>', 0.2187364199562961], ['<', 0.09361158611878428], ['<=', 0.3900254563555401]])
INFO:root:([24691358025, 5490], [['<', 0.2818801097095368], ['<', 0.865403667124032], ['>', 0.7969750339951646], ['>', 0.13968830352239892], ['>', 0.9803554378984586]])
INFO:root:([24691358025, 5490], [['<', 0.902304149734773], ['<=', 0.6484058264886461], ['<=', 0.21794634247994948], ['>', 0.20571881327470398], ['>', 0.7649820497078967]])
INFO:root:([24691358025, 5490], [['<', 0.0801341187488892], ['<=', 0.8329902324737832], ['<', 0.33997168340769235], ['>', 0.32035341544262075], ['<=', 0.4539061504156052]])
INFO:root:([24691358025, 5490], [['<=', 0.48871121425539565], ['<=', 0.7516721283898504], ['<=', 0.3939755593024521], ['>', 0.8905567980191559], ['>', 0.9281190103195467]])
INFO:root:([24691358025, 5490], [['<=', 0.26788087411529804], ['<', 0.946846056667805], ['>', 0.06925755142862533], ['>=', 0.5994115235246386], ['>=', 0.9673054958995836]])
INFO:root:([24691358025, 5490], [['>=', 0.9238786924184529], ['<=', 0.8590515439208848], ['>=', 0.2999908556238673], ['>=', 0.34642332001135245], ['>', 0.2535497142832922]])
INFO:root:([24691358025, 5490], [['<', 0.5244640616528882], ['<=', 0.43216577757265373], ['>', 0.7338229736337046], ['<', 0.6783324739254899], ['>=', 0.8660945601364252]])
INFO:root:([24691358025, 5490], [['<=', 0.9411691371029471], ['<', 0.08132460132340602], ['<=', 0.8618021914651589], ['>=', 0.7720415131311001], ['>=', 0.500642761566702]])
INFO:root:([24691358025, 5490], [['<', 0.2978848415282447], ['<', 0.5785999903858781], ['<', 0.6930718970118448], ['<', 0.9114956481308131], ['>=', 0.617999590077326]])
DEBUG:root:amount_of_offspring: 66
INFO:root:Condi_evo: cutting_population by 65 elems
DEBUG:root:2
DEBUG:root:16
DEBUG:root:95
DEBUG:root:14
DEBUG:root:7
DEBUG:root:79
DEBUG:root:64
DEBUG:root:48
DEBUG:root:51
DEBUG:root:81
DEBUG:root:96
DEBUG:root:41
DEBUG:root:37
DEBUG:root:21
DEBUG:root:33
DEBUG:root:36
DEBUG:root:19
DEBUG:root:90
DEBUG:root:15
DEBUG:root:87
DEBUG:root:85
DEBUG:root:69
DEBUG:root:60
DEBUG:root:78
DEBUG:root:74
DEBUG:root:0
DEBUG:root:1
DEBUG:root:3
DEBUG:root:4
DEBUG:root:5
DEBUG:root:6
DEBUG:root:8
DEBUG:root:9
DEBUG:root:10
DEBUG:root:11
DEBUG:root:12
DEBUG:root:13
DEBUG:root:17
DEBUG:root:18
DEBUG:root:20
DEBUG:root:22
DEBUG:root:23
DEBUG:root:24
DEBUG:root:25
DEBUG:root:26
DEBUG:root:27
DEBUG:root:28
DEBUG:root:29
DEBUG:root:30
DEBUG:root:31
DEBUG:root:32
DEBUG:root:34
DEBUG:root:35
DEBUG:root:38
DEBUG:root:39
DEBUG:root:40
DEBUG:root:42
DEBUG:root:43
DEBUG:root:44
DEBUG:root:45
DEBUG:root:46
DEBUG:root:47
DEBUG:root:49
DEBUG:root:50
DEBUG:root:52
DEBUG:root:Cut population:
