INFO:root:EVO_CONFIG:
INFO:root:{'POPULATION_SIZE': 99, 'DROP_RATIO': 0.666666666, 'MUTATION_RATE': 0.1, 'NO_OF_MAPS': 1, 'NO_OF_ITERATIONS': 80, 'POOL_SIZE': 8}
INFO:root:[[1], [1, 1, 1, 1, 1, 1, 1, 1], [1, 1, 1, 1, 1, 1, 1, 1, 1, 1, 1, 1, 1, 1, 1, 1], [1, 1, 1, 1, 1, 1, 1, 1, 1, 1, 1, 1, 1, 1, 1, 1, 1, 1, 1, 1, 1, 1, 1, 1], [1, 1, 1, 1, 1, 1, 1, 1, 1, 1, 1, 1, 1, 1, 1, 1, 1, 1, 1, 1, 1, 1, 1, 1, 1, 1, 1, 1, 1, 1, 1, 1]]
INFO:root:Condi_evo: initiating_population
INFO:root:Condi_evo: calculating population:
INFO:root:[[['<', 0.8050346247220652], ['>=', 0.9732889291029758], ['>=', 0.4498032304344016], ['<', 0.9704152407134479], ['>', 0.5786856555565427]], [['>', 0.7907709537257449], ['<=', 0.15190787960306174], ['<=', 0.17900388712317983], ['<=', 0.15306896339208864], ['<=', 0.22967750822295174]], [['>=', 0.6648295615763307], ['>=', 0.026724675026549516], ['<', 0.8621708774116401], ['>=', 0.011260248708886311], ['>=', 0.7493682721063286]], [['<', 0.7785761238893841], ['>=', 0.14269968835215208], ['>=', 0.09583791483012372], ['>', 0.042988642408521516], ['<=', 0.335958688695018]], [['>', 0.9593221631844687], ['>=', 0.4104347528642477], ['<=', 0.45016095157078895], ['<', 0.9475437259891144], ['<', 0.01922474144963715]], [['<=', 0.018774885083122972], ['<', 0.3525740556138549], ['>=', 0.10639361063195663], ['<=', 0.24465820407849148], ['<', 0.634347181978769]], [['<', 0.09443806884510986], ['>=', 0.4470393132859831], ['>=', 0.9962890046571374], ['<', 0.7168690454673488], ['<', 0.048979972878086975]], [['>=', 0.6112330831985497], ['>=', 0.8949415568420056], ['<=', 0.5218766502471442], ['>=', 0.11894240773292641], ['<', 0.1254803940314031]], [['<=', 0.565439533315584], ['<', 0.8178502442623903], ['<=', 0.21991040700233166], ['<', 0.6743659650848897], ['>=', 0.5213382406838069]], [['>', 0.20659752697071176], ['<=', 0.7294556957495604], ['>', 0.12728001803092537], ['<=', 0.043972583282676725], ['<', 0.42260433205783177]], [['<', 0.6264470400294416], ['>=', 0.366196671850877], ['>=', 0.8115287792743838], ['>', 0.40637585093740647], ['>=', 0.5063413439872254]], [['>', 0.39046953351911395], ['<=', 0.6018994196145356], ['>', 0.1425072391051918], ['<', 0.9387421366910254], ['>', 0.5665650333016382]], [['>=', 0.38685958152084676], ['>', 0.817653783564058], ['>=', 0.11719948585772066], ['>', 0.8324491460920099], ['>', 0.6419936123715412]], [['<=', 0.6770519809463128], ['<=', 0.38939530826632074], ['<=', 0.10428625058695307], ['<', 0.8122586542948034], ['>', 0.4777803520214249]], [['<=', 0.812127621233152], ['<=', 0.6893467301393525], ['<=', 0.9663403600557262], ['>=', 0.36504779836306644], ['<', 0.8010168290955025]], [['<=', 0.21760399916367013], ['<', 0.6991330025514811], ['<', 0.5400535279831915], ['>', 0.6911073603120508], ['>=', 0.08270871216388254]], [['<', 0.3108299865952382], ['>=', 0.717743251919322], ['<=', 0.5089069385395237], ['>=', 0.7385753549317685], ['>', 0.9402527549809102]], [['>', 0.20558871797483325], ['<=', 0.7401213855978024], ['>', 0.5571454611434885], ['<', 0.2732480064558048], ['<=', 0.18520820320935394]], [['<', 0.386683286145462], ['<=', 0.45057133663646753], ['>', 0.8396131254979685], ['<=', 0.6700064562065579], ['<', 0.13478144580115137]], [['<', 0.8133795667738741], ['<=', 0.5527692361672881], ['<', 0.5970220940915678], ['>', 0.6806886702521138], ['>', 0.12731778288370177]], [['<=', 0.0026519724003718492], ['<', 0.07361257957610168], ['<', 0.244251029132022], ['>', 0.22868991354398227], ['<=', 0.7991721901117242]], [['<=', 0.15991870674913788], ['>', 0.9092958801416176], ['<', 0.2467928354362079], ['>=', 0.3324815910743122], ['<=', 0.1315534104559294]], [['<', 0.8086161037108202], ['>=', 0.5459766839388638], ['>=', 0.19347390885236437], ['>=', 0.2979018265854648], ['<=', 0.6730583760527264]], [['<', 0.35485298815430666], ['>', 0.015590539212190002], ['<', 0.32355931306140917], ['>', 0.8548808564216629], ['>=', 0.08965490153131561]], [['<=', 0.4058053941535993], ['>', 0.07727899894274959], ['<', 0.11842038764601825], ['<=', 0.4846369707062935], ['>=', 0.11892046832497649]], [['<', 0.07576458239389106], ['<=', 0.5178472524051421], ['>=', 0.2905360820987599], ['<', 0.025941983774021127], ['<', 0.262913699404541]], [['<', 0.08263494686740946], ['>', 0.05701679533473736], ['<=', 0.07268066626970249], ['<', 0.8877543882021725], ['<=', 0.38467816106418595]], [['>=', 0.406738264725898], ['>', 0.44436023142965897], ['>=', 0.7182176120126765], ['>', 0.23017084347066274], ['>', 0.9679597281325977]], [['<=', 0.6006406246945902], ['<=', 0.9608259833028427], ['>=', 0.6254218905126978], ['<=', 0.7138492046957969], ['<=', 0.06596682291094169]], [['<', 0.7459809255299232], ['>', 0.07799314488370557], ['<=', 0.28659828866871584], ['>', 0.2848474438362142], ['<', 0.6855579887958567]], [['>', 0.1416251712077382], ['>', 0.02644039831049927], ['>', 0.7872616409785499], ['>', 0.5876918284359375], ['<', 0.628211831956472]], [['<=', 0.3395736327730142], ['<', 0.5175015290909425], ['<', 0.5793319801901298], ['>=', 0.49252911188444903], ['<', 0.2699197392824776]], [['<', 0.08474661807160333], ['>=', 0.4833923623750993], ['<', 0.36782961251381163], ['<=', 0.6681909602887375], ['>=', 0.5123998899856755]], [['>=', 0.5312254136896151], ['<', 0.3161573232368401], ['>', 0.633639167523379], ['<=', 0.7218367785601042], ['<=', 0.6764935018006115]], [['>=', 0.437503176638099], ['<', 0.9801179814895747], ['<=', 0.7575999345398738], ['<', 0.794016622452122], ['>=', 0.9685690538103285]], [['<', 0.17676378670332948], ['<', 0.5474358831160132], ['>', 0.9628339233445273], ['>', 0.3282881486551764], ['>', 0.6161794394390592]], [['>=', 0.08026883413260122], ['<=', 0.7120233415262954], ['>=', 0.03272570539267827], ['>=', 0.6150878677210796], ['<=', 0.8523106751897336]], [['>', 0.5182524685903501], ['<=', 0.46666229917140556], ['>=', 0.2120455234189227], ['<=', 0.6183623835439789], ['<', 0.6367150385017725]], [['>', 0.7845361357518685], ['<=', 0.03395208917000081], ['>=', 0.9419135430414942], ['>=', 0.6711634111393596], ['>=', 0.283884381680229]], [['>=', 0.4964846759213013], ['<', 0.1336882947440744], ['<', 0.4786471378809972], ['>', 0.7967676771620534], ['<', 0.4160936437276327]], [['>', 0.47239601948921595], ['<=', 0.3394530051601896], ['>=', 0.9809480024527276], ['<', 0.1915823450301718], ['<=', 0.46816434947654817]], [['<', 0.5583226870536081], ['>', 0.3774445635438225], ['>=', 0.35840763238677487], ['<', 0.2963851958872433], ['>', 0.4645967767062994]], [['>=', 0.795206969350259], ['>=', 0.8664805744327991], ['>=', 0.1805207453932175], ['>', 0.23396033304202346], ['>', 0.36577651830787117]], [['<', 0.08282704220305681], ['<=', 0.2965218452676991], ['>', 0.7146030534838533], ['<=', 0.822646308808712], ['>=', 0.25577854773933617]], [['<', 0.25267805375591135], ['<', 0.22144916637222156], ['<', 0.6803334471644956], ['>=', 0.9537431127991546], ['>', 0.5674879138858728]], [['>', 0.8234230860697875], ['<=', 0.20507772111216083], ['<', 0.6712693712614972], ['<=', 0.4543736700754871], ['<=', 0.8984059557147249]], [['<', 0.3459702391033247], ['<', 0.5921882905031984], ['<', 0.7546578989080893], ['<=', 0.9047638177120386], ['>=', 0.13637832097228353]], [['<=', 0.2996901921678733], ['<=', 0.5163053034564667], ['<', 0.1452153790709766], ['<=', 0.3161502140521796], ['<=', 0.7669847305022817]], [['>=', 0.6688333631050545], ['>=', 0.2894462132180484], ['>', 0.02099316104699711], ['>', 0.5109051504104615], ['>=', 0.7605817142801241]], [['<=', 0.34765668721994325], ['>=', 0.6831378088829284], ['<', 0.6743430115302956], ['>', 0.5866708976616745], ['>=', 0.3499946887617037]], [['<=', 0.5189994575022812], ['<=', 0.12326718235884582], ['>', 0.9356270921958562], ['>', 0.3631580535232509], ['<=', 0.7877498662785336]], [['>', 0.1871892913157176], ['>=', 0.47731332957697137], ['<', 0.5867481519220012], ['>', 0.3364901108764119], ['>', 0.44154053239225266]], [['>', 0.4449360144292862], ['<', 0.1415772314918594], ['<=', 0.14967478373819443], ['<=', 0.4103790851475967], ['<=', 0.4168824118174863]], [['<=', 0.43769753214044593], ['<=', 0.28725649202772285], ['<=', 0.8173788094405167], ['>', 0.14086784722856338], ['>=', 0.8857211503971477]], [['>', 0.9534711010550522], ['<', 0.41904151990076255], ['<', 0.3909276463910185], ['>=', 0.010470679301929353], ['<', 0.24632684224064005]], [['>', 0.2741822698582852], ['<=', 0.2111966727097253], ['<', 0.4547433522438147], ['>=', 0.8746339538025797], ['>=', 0.7044026154586411]], [['>=', 0.1408184148333268], ['>', 0.7691612950714194], ['<=', 0.24081378175930646], ['>=', 0.6180861974307422], ['<', 0.6044878130597837]], [['<', 0.07591000823691496], ['>=', 0.06803215014785224], ['<', 0.16496697834771212], ['<=', 0.0014900681175943342], ['<=', 0.9394199732046564]], [['>=', 0.31368555776215223], ['<', 0.49153145189863223], ['<=', 0.7984807350264357], ['>', 0.8875745924378279], ['>=', 0.4346966608454925]], [['>=', 0.3790952730402666], ['<=', 0.8219184220112661], ['>=', 0.7600223088016236], ['<', 0.876166328514856], ['>', 0.3977893897128826]], [['<=', 0.9686727697866853], ['>=', 0.4325237668275813], ['<=', 0.5957980144547821], ['<=', 0.9433014166273394], ['<=', 0.9517347084042149]], [['<=', 0.7767120048955828], ['>', 0.07607699180431582], ['<', 0.4118619768736308], ['<=', 0.10312333105861793], ['<=', 0.009097913657779677]], [['>', 0.7855715575562481], ['<=', 0.6743015709229822], ['<=', 0.015962958993674614], ['>=', 0.012527781031601903], ['<=', 0.6446874604533698]], [['<', 0.9717041593025291], ['<=', 0.6122665736415445], ['>', 0.8843111212266492], ['<=', 0.3090875405106819], ['>=', 0.02393562420820894]], [['<=', 0.36541533887401845], ['>=', 0.011161690064031782], ['>=', 0.388211129798659], ['>=', 0.6399341596920566], ['>', 0.3641906243113301]], [['>=', 0.8869633409600115], ['<', 0.7482821210296974], ['<', 0.3611918974453653], ['<=', 0.24494819776992205], ['<=', 0.46834378971062085]], [['>', 0.34974244528449305], ['<', 0.0390866669238803], ['<=', 0.24670226036516552], ['>', 0.013985017101592279], ['<', 0.7899411473338738]], [['>=', 0.23965858553178898], ['<=', 0.910481261995915], ['>', 0.44206229417683895], ['>', 0.10025393094207846], ['>=', 0.8211022930900418]], [['>', 0.5364984622670474], ['<', 0.6657530255150247], ['<', 0.8819865185985677], ['<=', 0.38596556845469465], ['<', 0.6311249026400673]], [['<=', 0.9059179710819469], ['<', 0.03189916480011701], ['<', 0.41913125747141067], ['>=', 0.5882594422939391], ['<', 0.8048783184352021]], [['<', 0.7920535371605754], ['>=', 0.9708611950984161], ['>', 0.6050134638683113], ['<=', 0.4635554509260117], ['>=', 0.21641764170736355]], [['>', 0.16145371295099664], ['<=', 0.07173247867498289], ['<=', 0.9518375932700038], ['>=', 0.1813517972881744], ['<=', 0.3344515617639159]], [['<', 0.3526190003652362], ['<', 0.19157808443490887], ['<=', 0.4924617933838832], ['>', 0.5293312671421981], ['<=', 0.09344642892685273]], [['<', 0.5348691084291372], ['<=', 0.05189009988302906], ['<', 0.7266026066346626], ['<=', 0.14470907844886527], ['>', 0.26832748328236067]], [['<=', 0.5422692164551037], ['<', 0.32456867961186076], ['<', 0.25717424043107406], ['>=', 0.3756916704886687], ['<', 0.3231281544511919]], [['>', 0.32173358123630036], ['<', 0.3124350842121525], ['<=', 0.9449807868642316], ['<', 0.7218649838380998], ['<', 0.6582062286423565]], [['>=', 0.7640962116049362], ['<', 0.3214732804772268], ['>', 0.34885437691209975], ['<', 0.8563942115763197], ['>', 0.7998006497856232]], [['<=', 0.9857248743044225], ['<=', 0.9355463814659104], ['>', 0.09687836206481959], ['>', 0.20757875836604622], ['<', 0.9121488403786808]], [['<=', 0.6722454475219268], ['<', 0.11953880346288503], ['>=', 0.3314491847602157], ['>', 0.2999660358738938], ['<=', 0.6069615663082621]], [['>', 0.19659712189243084], ['>=', 0.05692337928889135], ['>=', 0.529963588076308], ['<=', 0.7198351623161671], ['>=', 0.07416357729509837]], [['>=', 0.2904914588058005], ['>=', 0.022619370555304052], ['>', 0.9923653981871259], ['>', 0.15738769443585487], ['<=', 0.6686355574793461]], [['<', 0.6599901734380823], ['>', 0.03158044795848747], ['<=', 0.29584750244377267], ['>', 0.8526080597615907], ['>', 0.22961510440821675]], [['>=', 0.15223621037705093], ['>=', 0.3700389875218528], ['<=', 0.08659579763239578], ['>', 0.6288352074350221], ['>', 0.5980489527300076]], [['<=', 0.23296877159462015], ['<', 0.5923651504254833], ['<=', 0.09797275296929953], ['<', 0.3748204514150716], ['>=', 0.5476801475826892]], [['<', 0.9333743424594353], ['>', 0.027984642357280154], ['>', 0.3614730909205198], ['<', 0.7240631113962175], ['<', 0.32442333364651943]], [['>=', 0.8809935331797514], ['>=', 0.14897433586319453], ['>', 0.13756534183382696], ['>=', 0.2323110647937383], ['>', 0.4781751035919023]], [['<=', 0.18077716796426835], ['>=', 0.5134989564033591], ['>=', 0.5786626416249542], ['<=', 0.09667832777469232], ['>=', 0.3664144112403077]], [['>', 0.14122774261617876], ['<', 0.3752274375701181], ['<=', 0.8768319898364512], ['>', 0.26780719346694826], ['>', 0.11135443245013721]], [['>=', 0.7133362872777449], ['<', 0.19482417818615871], ['<', 0.06809225376629979], ['>', 0.43267711244214524], ['<', 0.851349025496511]], [['>=', 0.2186809702733038], ['<=', 0.1097629124072087], ['>', 0.559143980494031], ['<=', 0.09941271038221955], ['>', 0.7842543166220389]], [['>=', 0.23991443589604122], ['>', 0.8444200201757932], ['>', 0.6424502411512731], ['<', 0.011690701906474144], ['<', 0.08666439890011701]], [['<', 0.6799887733710519], ['>', 0.030996733443613977], ['<', 0.3427994198899088], ['>=', 0.8875220454189081], ['>', 0.40375419886289743]], [['<', 0.269793223891611], ['>=', 0.42655018484634144], ['>=', 0.06560443147740136], ['>', 0.7331473918588642], ['<=', 0.9365180651106675]], [['>=', 0.8888376029217497], ['<=', 0.30850861761701787], ['<', 0.4011560265625236], ['>', 0.6596161338743367], ['>=', 0.865312896887497]], [['<=', 0.775960102590515], ['>', 0.6358839776733445], ['>', 0.8118430385847576], ['<', 0.8563273175323567], ['>=', 0.6670889235407323]], [['<', 0.05916695141933814], ['>', 0.997821084530662], ['>', 0.6208411175593855], ['<', 0.3706596857396852], ['>=', 0.01831783490365413]], [['<', 0.08697995096932964], ['<=', 0.4279342001485379], ['>', 0.21705218166649398], ['>=', 0.04533465739963527], ['>', 0.044369883206990535]], [['>=', 0.5482455935310538], ['<', 0.23182435400587198], ['>=', 0.20322372129327126], ['>=', 0.9944269071417882], ['<', 0.38755148583195076]], [['<=', 0.8873009337566485], ['<', 0.3829835974360143], ['>=', 0.5078277010627948], ['>=', 0.31574722441122804], ['>=', 0.932031486280236]]]
INFO:root:Condi_evo: calculating iteration 0 with population containing 99 unique elements
INFO:root:Condi_evo: evolving_population
DEBUG:root:amount_of_offspring: 66
INFO:root:Condi_evo: cutting_population by 65 elems
DEBUG:root:71
DEBUG:root:75
DEBUG:root:87
DEBUG:root:68
DEBUG:root:34
DEBUG:root:58
DEBUG:root:93
DEBUG:root:45
DEBUG:root:62
DEBUG:root:65
DEBUG:root:54
DEBUG:root:39
DEBUG:root:55
DEBUG:root:90
DEBUG:root:33
DEBUG:root:7
DEBUG:root:38
DEBUG:root:89
DEBUG:root:56
DEBUG:root:27
DEBUG:root:59
DEBUG:root:40
DEBUG:root:66
DEBUG:root:1
DEBUG:root:52
DEBUG:root:88
DEBUG:root:17
DEBUG:root:0
DEBUG:root:2
DEBUG:root:3
DEBUG:root:4
DEBUG:root:5
DEBUG:root:6
DEBUG:root:8
DEBUG:root:9
DEBUG:root:10
DEBUG:root:11
DEBUG:root:12
DEBUG:root:13
DEBUG:root:14
DEBUG:root:15
DEBUG:root:16
DEBUG:root:18
DEBUG:root:19
DEBUG:root:20
DEBUG:root:21
DEBUG:root:22
DEBUG:root:23
DEBUG:root:24
DEBUG:root:25
DEBUG:root:26
DEBUG:root:28
DEBUG:root:29
DEBUG:root:30
DEBUG:root:31
DEBUG:root:32
DEBUG:root:35
DEBUG:root:36
DEBUG:root:37
DEBUG:root:41
DEBUG:root:42
DEBUG:root:43
DEBUG:root:44
DEBUG:root:46
DEBUG:root:47
DEBUG:root:Cut population:
